45.0 APEX_CODE,FINEST;APEX_PROFILING,INFO;CALLOUT,INFO;DB,INFO;NBA,INFO;SYSTEM,DEBUG;VALIDATION,INFO;VISUALFORCE,FINER;WAVE,INFO;WORKFLOW,INFO
18:13:05.0 (476893)|USER_INFO|[EXTERNAL]|0050Y000000tMcw|mg@stepahead.pt|(GMT+00:00) Irish Summer Time (Europe/Dublin)|GMTZ
18:13:05.0 (563540)|EXECUTION_STARTED
18:13:05.0 (575957)|CODE_UNIT_STARTED|[EXTERNAL]|0661n000006Ebsm|VF: /apex/p_Objeto1Viewer
18:13:05.0 (6247269)|VF_APEX_CALL_START|[EXTERNAL]|01p1n00000PWhHV|c_Objeto1Viewer <init>|c_Objeto1Viewer
18:13:05.0 (6316333)|SYSTEM_MODE_ENTER|true
18:13:05.0 (6983534)|HEAP_ALLOCATE|[72]|Bytes:3
18:13:05.0 (7034073)|HEAP_ALLOCATE|[77]|Bytes:152
18:13:05.0 (7048828)|HEAP_ALLOCATE|[342]|Bytes:408
18:13:05.0 (7061267)|HEAP_ALLOCATE|[355]|Bytes:408
18:13:05.0 (7073491)|HEAP_ALLOCATE|[467]|Bytes:48
18:13:05.0 (7100556)|HEAP_ALLOCATE|[139]|Bytes:6
18:13:05.0 (7116687)|HEAP_ALLOCATE|[EXTERNAL]|Bytes:6
18:13:05.0 (7139087)|HEAP_ALLOCATE|[EXTERNAL]|Bytes:132
18:13:05.0 (7145202)|HEAP_ALLOCATE|[EXTERNAL]|Bytes:13
18:13:05.0 (7151206)|HEAP_ALLOCATE|[EXTERNAL]|Bytes:11
18:13:05.0 (7189138)|METHOD_ENTRY|[4]|01p1n00000PWhHV|c_Objeto1Viewer.c_Objeto1Viewer()
18:13:05.0 (7204989)|STATEMENT_EXECUTE|[4]
18:13:05.0 (7214332)|STATEMENT_EXECUTE|[4]
18:13:05.0 (7217144)|STATEMENT_EXECUTE|[78]
18:13:05.0 (7238509)|METHOD_EXIT|[4]|c_Objeto1Viewer
18:13:05.0 (7375984)|HEAP_ALLOCATE|[EXTERNAL]|Bytes:20
18:13:05.0 (7405983)|VARIABLE_SCOPE_BEGIN|[9]|this|c_Objeto1Viewer|true|false
18:13:05.0 (7548073)|VARIABLE_ASSIGNMENT|[9]|this|{}|0x66c7e327
18:13:05.0 (7562916)|STATEMENT_EXECUTE|[4]
18:13:05.0 (7567581)|STATEMENT_EXECUTE|[5]
18:13:05.0 (7570063)|STATEMENT_EXECUTE|[6]
18:13:05.0 (7572248)|STATEMENT_EXECUTE|[7]
18:13:05.0 (7574254)|STATEMENT_EXECUTE|[8]
18:13:05.0 (7584206)|HEAP_ALLOCATE|[11]|Bytes:6
18:13:05.0 (7683721)|STATEMENT_EXECUTE|[9]
18:13:05.0 (7686140)|STATEMENT_EXECUTE|[11]
18:13:05.0 (7691312)|HEAP_ALLOCATE|[11]|Bytes:14
18:13:05.0 (7811628)|VARIABLE_ASSIGNMENT|[EXTERNAL]|this|{}|0x66c7e327
18:13:05.0 (7829034)|VARIABLE_ASSIGNMENT|[EXTERNAL]|value|"Hello World!!!"
18:13:05.0 (7867493)|VARIABLE_ASSIGNMENT|[5]|this.helloWorld|"Hello World!!!"|0x66c7e327
18:13:05.0 (7907008)|STATEMENT_EXECUTE|[16]
18:13:05.0 (7926857)|HEAP_ALLOCATE|[16]|Bytes:4
18:13:05.0 (8024458)|VARIABLE_SCOPE_BEGIN|[16]|myInts|List<Integer>|true|false
18:13:05.0 (8059053)|HEAP_ALLOCATE|[EXTERNAL]|Bytes:4
18:13:05.0 (8074023)|VARIABLE_ASSIGNMENT|[16]|myInts|[]|0x3a09fe71
18:13:05.0 (8081977)|STATEMENT_EXECUTE|[17]
18:13:05.0 (8085991)|STATEMENT_EXECUTE|[18]
18:13:05.0 (8088928)|STATEMENT_EXECUTE|[26]
18:13:05.0 (8131513)|HEAP_ALLOCATE|[26]|Bytes:4
18:13:05.0 (8140106)|HEAP_ALLOCATE|[EXTERNAL]|Bytes:4
18:13:05.0 (8148598)|STATEMENT_EXECUTE|[28]
18:13:05.0 (8177383)|HEAP_ALLOCATE|[28]|Bytes:4
18:13:05.0 (8270893)|VARIABLE_SCOPE_BEGIN|[28]|acc2|Account|true|false
18:13:05.0 (8288837)|VARIABLE_ASSIGNMENT|[28]|acc2|{}|0x638efccc
18:13:05.0 (8297039)|STATEMENT_EXECUTE|[29]
18:13:05.0 (8316115)|HEAP_ALLOCATE|[50]|Bytes:5
18:13:05.0 (8333043)|HEAP_ALLOCATE|[56]|Bytes:5
18:13:05.0 (8342904)|HEAP_ALLOCATE|[64]|Bytes:7
18:13:05.0 (9692537)|VARIABLE_ASSIGNMENT|[29]|this.Match_Billing_Address__c|false|0x638efccc
18:13:05.0 (9709886)|STATEMENT_EXECUTE|[31]
18:13:05.0 (9756829)|HEAP_ALLOCATE|[31]|Bytes:4
18:13:05.0 (9886532)|VARIABLE_SCOPE_BEGIN|[31]|cont|Contact|true|false
18:13:05.0 (9911904)|VARIABLE_ASSIGNMENT|[31]|cont|{}|0xd39982e
18:13:05.0 (9924172)|STATEMENT_EXECUTE|[33]
18:13:05.0 (9985301)|HEAP_ALLOCATE|[33]|Bytes:4
18:13:05.0 (9998077)|HEAP_ALLOCATE|[EXTERNAL]|Bytes:4
18:13:05.0 (10012408)|STATEMENT_EXECUTE|[36]
18:13:05.0 (10020271)|HEAP_ALLOCATE|[36]|Bytes:66
18:13:05.0 (10045703)|HEAP_ALLOCATE|[36]|Bytes:4
18:13:05.0 (10622584)|SOQL_EXECUTE_BEGIN|[36]|Aggregations:0|SELECT AccountNumber, Name FROM Account WHERE createdDate <= today
18:13:05.0 (14555170)|SOQL_EXECUTE_END|[36]|Rows:24
18:13:05.0 (14593574)|HEAP_ALLOCATE|[36]|Bytes:100
18:13:05.0 (14649573)|HEAP_ALLOCATE|[36]|Bytes:1561
18:13:05.0 (14690388)|HEAP_ALLOCATE|[36]|Bytes:100
18:13:05.0 (14778138)|VARIABLE_ASSIGNMENT|[EXTERNAL]|this|{"helloWorld":"Hello World!!!"}|0x66c7e327
18:13:05.0 (14806348)|VARIABLE_ASSIGNMENT|[EXTERNAL]|value|"List of size 24 too large to display"|0x58753377
18:13:05.0 (14824951)|VARIABLE_ASSIGNMENT|[6]|this.objs|"List of size 24 too large to display"|0x66c7e327
18:13:05.0 (14856396)|STATEMENT_EXECUTE|[37]
18:13:05.0 (14878203)|HEAP_ALLOCATE|[37]|Bytes:4
18:13:05.0 (14896493)|HEAP_ALLOCATE|[37]|Bytes:5
18:13:05.0 (14938610)|VARIABLE_ASSIGNMENT|[37]|this.AccountNumber|"téste"|0x47c22076
18:13:05.0 (14973468)|VARIABLE_SCOPE_BEGIN|[37]|acc|Account|true|false
18:13:05.0 (14995795)|VARIABLE_ASSIGNMENT|[37]|acc|{"AccountNumber":"téste"}|0x47c22076
18:13:05.0 (15003313)|STATEMENT_EXECUTE|[38]
18:13:05.0 (15201218)|HEAP_ALLOCATE|[38]|Bytes:12
18:13:05.0 (15230585)|CONSTRUCTOR_ENTRY|[38]|01p1n00000PWhHV|<init>()|c_Objeto1Viewer.teste1
18:13:05.0 (15265244)|VARIABLE_SCOPE_BEGIN|[78]|this|c_Objeto1Viewer.teste1|true|false
18:13:05.0 (15315193)|VARIABLE_ASSIGNMENT|[78]|this|{}|0x52a69aa5
18:13:05.0 (15340918)|STATEMENT_EXECUTE|[78]
18:13:05.0 (15343291)|STATEMENT_EXECUTE|[79]
18:13:05.0 (15345557)|STATEMENT_EXECUTE|[80]
18:13:05.0 (15350857)|CONSTRUCTOR_EXIT|[38]|01p1n00000PWhHV|<init>()|c_Objeto1Viewer.teste1
18:13:05.0 (15361065)|VARIABLE_SCOPE_BEGIN|[38]|myVAr|c_Objeto1Viewer.teste1|true|false
18:13:05.0 (15379551)|VARIABLE_ASSIGNMENT|[38]|myVAr|{}|0x52a69aa5
18:13:05.0 (15386160)|STATEMENT_EXECUTE|[39]
18:13:05.0 (15488342)|USER_DEBUG|[39]|DEBUG|(1, 2)
18:13:05.0 (15540629)|VARIABLE_ASSIGNMENT|[EXTERNAL]|this|{"helloWorld":"Hello World!!!","objs":"0x58753377"}|0x66c7e327
18:13:05.0 (15604678)|STATEMENT_EXECUTE|[40]
18:13:05.0 (15608539)|STATEMENT_EXECUTE|[45]
18:13:05.0 (15614639)|HEAP_ALLOCATE|[45]|Bytes:61
18:13:05.0 (15637424)|HEAP_ALLOCATE|[45]|Bytes:4
18:13:05.0 (15891699)|SOQL_EXECUTE_BEGIN|[45]|Aggregations:0|SELECT COUNT(Id) counter, Sla__c FROM account GROUP BY Sla__c
18:13:05.0 (21403503)|SOQL_EXECUTE_END|[45]|Rows:5
18:13:05.0 (21444190)|HEAP_ALLOCATE|[45]|Bytes:24
18:13:05.0 (21483704)|HEAP_ALLOCATE|[45]|Bytes:174
18:13:05.0 (21548338)|HEAP_ALLOCATE|[45]|Bytes:24
18:13:05.0 (21654082)|VARIABLE_ASSIGNMENT|[EXTERNAL]|this|{"helloWorld":"Hello World!!!","objs":"0x58753377"}|0x66c7e327
18:13:05.0 (21697837)|VARIABLE_ASSIGNMENT|[EXTERNAL]|value|[{"counter":13},{"counter":2,"SLA__c":"Gold"},{"counter":3,"SLA__c":"Silver"},{"counter":4,"SLA__c":"Platinum"},{"counter":2,"SLA__c":"Bronze"}]|0x1f41c23e
18:13:05.0 (21728491)|VARIABLE_ASSIGNMENT|[7]|this.agg|[{"counter":13},{"counter":2,"SLA__c":"Gold"},{"counter":3,"SLA__c":"Silver"},{"counter":4,"SLA__c":"Platinum"},{"counter":2,"SLA__c":"Bronze"}]|0x66c7e327
18:13:05.0 (21743285)|STATEMENT_EXECUTE|[46]
18:13:05.0 (21794123)|VARIABLE_ASSIGNMENT|[EXTERNAL]|this|{"agg":"0x1f41c23e","helloWorld":"Hello World!!!","objs":"0x58753377"}|0x66c7e327
18:13:05.0 (21860302)|USER_DEBUG|[46]|DEBUG|(AggregateResult:{counter=13, SLA__c=null}, AggregateResult:{counter=2, SLA__c=Gold}, AggregateResult:{counter=3, SLA__c=Silver}, AggregateResult:{counter=4, SLA__c=Platinum}, AggregateResult:{counter=2, SLA__c=Bronze})
18:13:05.0 (21897915)|VARIABLE_ASSIGNMENT|[EXTERNAL]|this|{"agg":"0x1f41c23e","helloWorld":"Hello World!!!","objs":"0x58753377"}|0x66c7e327
18:13:05.0 (22155768)|HEAP_ALLOCATE|[47]|Bytes:5
18:13:05.0 (22230536)|HEAP_ALLOCATE|[47]|Bytes:12
18:13:05.0 (22244956)|VARIABLE_SCOPE_BEGIN|[47]|forVar|AggregateResult|true|false
18:13:05.0 (22269264)|VARIABLE_ASSIGNMENT|[47]|forVar|{"counter":13}|0x42244277
18:13:05.0 (22277473)|STATEMENT_EXECUTE|[47]
18:13:05.0 (22281392)|STATEMENT_EXECUTE|[48]
18:13:05.0 (22287377)|HEAP_ALLOCATE|[48]|Bytes:7
18:13:05.0 (22390999)|USER_DEBUG|[48]|DEBUG|13
18:13:05.0 (22410026)|HEAP_ALLOCATE|[47]|Bytes:5
18:13:05.0 (22420792)|HEAP_ALLOCATE|[47]|Bytes:12
18:13:05.0 (22426710)|VARIABLE_SCOPE_BEGIN|[47]|forVar|AggregateResult|true|false
18:13:05.0 (22445326)|VARIABLE_ASSIGNMENT|[47]|forVar|{"counter":2,"SLA__c":"Gold"}|0x29797f71
18:13:05.0 (22454549)|STATEMENT_EXECUTE|[47]
18:13:05.0 (22456748)|STATEMENT_EXECUTE|[48]
18:13:05.0 (22478404)|USER_DEBUG|[48]|DEBUG|2
18:13:05.0 (22490722)|HEAP_ALLOCATE|[47]|Bytes:5
18:13:05.0 (22499219)|HEAP_ALLOCATE|[47]|Bytes:12
18:13:05.0 (22505732)|VARIABLE_SCOPE_BEGIN|[47]|forVar|AggregateResult|true|false
18:13:05.0 (22519592)|VARIABLE_ASSIGNMENT|[47]|forVar|{"counter":3,"SLA__c":"Silver"}|0x50ab7762
18:13:05.0 (22528011)|STATEMENT_EXECUTE|[47]
18:13:05.0 (22530033)|STATEMENT_EXECUTE|[48]
18:13:05.0 (22549397)|USER_DEBUG|[48]|DEBUG|3
18:13:05.0 (22561188)|HEAP_ALLOCATE|[47]|Bytes:5
18:13:05.0 (22573538)|HEAP_ALLOCATE|[47]|Bytes:12
18:13:05.0 (22580533)|VARIABLE_SCOPE_BEGIN|[47]|forVar|AggregateResult|true|false
18:13:05.0 (22596218)|VARIABLE_ASSIGNMENT|[47]|forVar|{"counter":4,"SLA__c":"Platinum"}|0x69df8e3a
18:13:05.0 (22602733)|STATEMENT_EXECUTE|[47]
18:13:05.0 (22606266)|STATEMENT_EXECUTE|[48]
18:13:05.0 (22623729)|USER_DEBUG|[48]|DEBUG|4
18:13:05.0 (22635234)|HEAP_ALLOCATE|[47]|Bytes:5
18:13:05.0 (22644430)|HEAP_ALLOCATE|[47]|Bytes:12
18:13:05.0 (22648885)|VARIABLE_SCOPE_BEGIN|[47]|forVar|AggregateResult|true|false
18:13:05.0 (22664529)|VARIABLE_ASSIGNMENT|[47]|forVar|{"counter":2,"SLA__c":"Bronze"}|0x9084e8c
18:13:05.0 (22672801)|STATEMENT_EXECUTE|[47]
18:13:05.0 (22674849)|STATEMENT_EXECUTE|[48]
18:13:05.0 (22691465)|USER_DEBUG|[48]|DEBUG|2
18:13:05.0 (22703116)|HEAP_ALLOCATE|[47]|Bytes:5
18:13:05.0 (22715374)|VARIABLE_ASSIGNMENT|[47]|forVar|null|
18:13:05.0 (23178496)|VF_APEX_CALL_END|c_Objeto1Viewer <init>|c_Objeto1Viewer
18:13:05.0 (24024759)|VF_APEX_CALL_START|[EXTERNAL]|01p1n00000PWhHV|c_Objeto1Viewer get(objs)|c_Objeto1Viewer
18:13:05.0 (24046644)|SYSTEM_MODE_ENTER|true
18:13:05.0 (24062788)|VF_APEX_CALL_START|[EXTERNAL]|01p1n00000PWhHV|objs|c_Objeto1Viewer
18:13:05.0 (24082347)|VF_APEX_CALL_END|objs|c_Objeto1Viewer
18:13:05.0 (24101621)|VF_APEX_CALL_END|c_Objeto1Viewer get(objs)|c_Objeto1Viewer
18:13:05.0 (45330910)|VF_APEX_CALL_START|[EXTERNAL]|01p1n00000PWhHV|c_Objeto1Viewer get(helloWorld)|c_Objeto1Viewer
18:13:05.0 (45360552)|SYSTEM_MODE_ENTER|true
18:13:05.0 (45376527)|VF_APEX_CALL_START|[EXTERNAL]|01p1n00000PWhHV|helloWorld|c_Objeto1Viewer
18:13:05.0 (45402694)|VF_APEX_CALL_END|helloWorld|c_Objeto1Viewer
18:13:05.0 (45425801)|VF_APEX_CALL_END|c_Objeto1Viewer get(helloWorld)|c_Objeto1Viewer
18:13:05.0 (51100358)|VF_SERIALIZE_VIEWSTATE_BEGIN|0661n000006Ebsm
18:13:05.0 (83246857)|VF_SERIALIZE_VIEWSTATE_END
18:13:05.110 (110964240)|CUMULATIVE_LIMIT_USAGE
18:13:05.110 (110964240)|LIMIT_USAGE_FOR_NS|(default)|
  Number of SOQL queries: 2 out of 100
  Number of query rows: 29 out of 50000
  Number of SOSL queries: 0 out of 20
  Number of DML statements: 0 out of 150
  Number of DML rows: 0 out of 10000
  Maximum CPU time: 0 out of 10000
  Maximum heap size: 0 out of 6000000
  Number of callouts: 0 out of 100
  Number of Email Invocations: 0 out of 10
  Number of future calls: 0 out of 50
  Number of queueable jobs added to the queue: 0 out of 50
  Number of Mobile Apex push calls: 0 out of 10

18:13:05.110 (110964240)|CUMULATIVE_LIMIT_USAGE_END

18:13:05.0 (111050480)|CODE_UNIT_FINISHED|VF: /apex/p_Objeto1Viewer
18:13:05.0 (112058936)|EXECUTION_FINISHED
