37.0 APEX_CODE,FINEST;APEX_PROFILING,INFO;CALLOUT,INFO;DB,INFO;NBA,INFO;SYSTEM,DEBUG;VALIDATION,INFO;VISUALFORCE,INFO;WAVE,INFO;WORKFLOW,INFO
16:22:29.0 (871846)|USER_INFO|[EXTERNAL]|0050Y000000tMcw|mg@stepahead.pt|Greenwich Mean Time|GMTZ
16:22:29.0 (914491)|EXECUTION_STARTED
16:22:29.0 (919707)|CODE_UNIT_STARTED|[EXTERNAL]|01p0Y000000jBhI|TaskUtilTest.testTaskPriority()
16:22:29.0 (1629480)|HEAP_ALLOCATE|[72]|Bytes:3
16:22:29.0 (1672269)|HEAP_ALLOCATE|[77]|Bytes:152
16:22:29.0 (1686380)|HEAP_ALLOCATE|[342]|Bytes:408
16:22:29.0 (1699415)|HEAP_ALLOCATE|[355]|Bytes:408
16:22:29.0 (1710775)|HEAP_ALLOCATE|[467]|Bytes:48
16:22:29.0 (1734758)|HEAP_ALLOCATE|[139]|Bytes:6
16:22:29.0 (1747612)|HEAP_ALLOCATE|[EXTERNAL]|Bytes:3
16:22:29.0 (1764229)|METHOD_ENTRY|[2]|01p0Y000000jBhI|TaskUtilTest.TaskUtilTest()
16:22:29.0 (1772563)|STATEMENT_EXECUTE|[2]
16:22:29.0 (1779691)|STATEMENT_EXECUTE|[2]
16:22:29.0 (1786552)|METHOD_EXIT|[2]|TaskUtilTest
16:22:29.0 (1814938)|HEAP_ALLOCATE|[50]|Bytes:5
16:22:29.0 (1834178)|HEAP_ALLOCATE|[56]|Bytes:5
16:22:29.0 (1841287)|HEAP_ALLOCATE|[64]|Bytes:7
16:22:29.0 (1871384)|STATEMENT_EXECUTE|[3]
16:22:29.0 (1873741)|STATEMENT_EXECUTE|[4]
16:22:29.0 (1877440)|HEAP_ALLOCATE|[4]|Bytes:2
16:22:29.0 (6018752)|HEAP_ALLOCATE|[4]|Bytes:1
16:22:29.0 (6055758)|METHOD_ENTRY|[1]|01p0Y000000jBhD|TaskUtil.TaskUtil()
16:22:29.0 (6062582)|STATEMENT_EXECUTE|[1]
16:22:29.0 (6068861)|STATEMENT_EXECUTE|[1]
16:22:29.0 (6073746)|METHOD_EXIT|[1]|TaskUtil
16:22:29.0 (6110368)|METHOD_ENTRY|[4]|01p0Y000000jBhD|TaskUtil.getTaskPriority(String)
16:22:29.0 (6141108)|VARIABLE_SCOPE_BEGIN|[2]|leadState|String|false|false
16:22:29.0 (6188298)|VARIABLE_ASSIGNMENT|[2]|leadState|"NY"
16:22:29.0 (6208780)|STATEMENT_EXECUTE|[2]
16:22:29.0 (6316510)|STATEMENT_EXECUTE|[4]
16:22:29.0 (6320100)|STATEMENT_EXECUTE|[8]
16:22:29.0 (6324425)|VARIABLE_SCOPE_BEGIN|[8]|taskPriority|String|false|false
16:22:29.0 (6342501)|VARIABLE_ASSIGNMENT|[8]|taskPriority|null
16:22:29.0 (6354575)|HEAP_ALLOCATE|[10]|Bytes:2
16:22:29.0 (6377487)|STATEMENT_EXECUTE|[12]
16:22:29.0 (6380074)|STATEMENT_EXECUTE|[13]
16:22:29.0 (6383136)|HEAP_ALLOCATE|[13]|Bytes:6
16:22:29.0 (6392436)|VARIABLE_ASSIGNMENT|[13]|taskPriority|"Normal"
16:22:29.0 (6396814)|STATEMENT_EXECUTE|[16]
16:22:29.0 (6404104)|METHOD_EXIT|[4]|01p0Y000000jBhD|TaskUtil.getTaskPriority(String)
16:22:29.0 (6410458)|VARIABLE_SCOPE_BEGIN|[4]|pri|String|false|false
16:22:29.0 (6419027)|VARIABLE_ASSIGNMENT|[4]|pri|"Normal"
16:22:29.0 (6422946)|STATEMENT_EXECUTE|[5]
16:22:29.6 (6478844)|CUMULATIVE_LIMIT_USAGE
16:22:29.6 (6478844)|LIMIT_USAGE_FOR_NS|(default)|
  Number of SOQL queries: 0 out of 100
  Number of query rows: 0 out of 50000
  Number of SOSL queries: 0 out of 20
  Number of DML statements: 0 out of 150
  Number of DML rows: 0 out of 10000
  Maximum CPU time: 0 out of 10000
  Maximum heap size: 0 out of 6000000
  Number of callouts: 0 out of 100
  Number of Email Invocations: 0 out of 10
  Number of future calls: 0 out of 50
  Number of queueable jobs added to the queue: 0 out of 50
  Number of Mobile Apex push calls: 0 out of 10

16:22:29.6 (6478844)|CUMULATIVE_LIMIT_USAGE_END

16:22:29.0 (6509649)|CODE_UNIT_FINISHED|TaskUtilTest.testTaskPriority()
16:22:29.0 (7248802)|EXECUTION_FINISHED
