45.0 APEX_CODE,FINEST;APEX_PROFILING,INFO;CALLOUT,INFO;DB,INFO;NBA,INFO;SYSTEM,DEBUG;VALIDATION,INFO;VISUALFORCE,FINER;WAVE,INFO;WORKFLOW,INFO
18:20:05.0 (413943)|USER_INFO|[EXTERNAL]|0050Y000000tMcw|mg@stepahead.pt|(GMT+00:00) Irish Summer Time (Europe/Dublin)|GMTZ
18:20:05.0 (455292)|EXECUTION_STARTED
18:20:05.0 (461258)|CODE_UNIT_STARTED|[EXTERNAL]|0661n000006Ebsm|VF: /apex/p_Objeto1Viewer
18:20:05.0 (5918430)|VF_APEX_CALL_START|[EXTERNAL]|01p1n00000PWhHV|c_Objeto1Viewer <init>|c_Objeto1Viewer
18:20:05.0 (5978512)|SYSTEM_MODE_ENTER|true
18:20:05.0 (6421286)|HEAP_ALLOCATE|[72]|Bytes:3
18:20:05.0 (6465291)|HEAP_ALLOCATE|[77]|Bytes:152
18:20:05.0 (6478643)|HEAP_ALLOCATE|[342]|Bytes:408
18:20:05.0 (6489269)|HEAP_ALLOCATE|[355]|Bytes:408
18:20:05.0 (6499751)|HEAP_ALLOCATE|[467]|Bytes:48
18:20:05.0 (6523634)|HEAP_ALLOCATE|[139]|Bytes:6
18:20:05.0 (6537752)|HEAP_ALLOCATE|[EXTERNAL]|Bytes:6
18:20:05.0 (6543921)|HEAP_ALLOCATE|[EXTERNAL]|Bytes:132
18:20:05.0 (6547952)|HEAP_ALLOCATE|[EXTERNAL]|Bytes:13
18:20:05.0 (6552381)|HEAP_ALLOCATE|[EXTERNAL]|Bytes:11
18:20:05.0 (6568774)|METHOD_ENTRY|[4]|01p1n00000PWhHV|c_Objeto1Viewer.c_Objeto1Viewer()
18:20:05.0 (6580311)|STATEMENT_EXECUTE|[4]
18:20:05.0 (6589003)|STATEMENT_EXECUTE|[4]
18:20:05.0 (6591561)|STATEMENT_EXECUTE|[78]
18:20:05.0 (6598368)|METHOD_EXIT|[4]|c_Objeto1Viewer
18:20:05.0 (6705100)|HEAP_ALLOCATE|[EXTERNAL]|Bytes:20
18:20:05.0 (6720429)|VARIABLE_SCOPE_BEGIN|[9]|this|c_Objeto1Viewer|true|false
18:20:05.0 (6832956)|VARIABLE_ASSIGNMENT|[9]|this|{}|0x5a15cd76
18:20:05.0 (6842355)|STATEMENT_EXECUTE|[4]
18:20:05.0 (6845002)|STATEMENT_EXECUTE|[5]
18:20:05.0 (6847242)|STATEMENT_EXECUTE|[6]
18:20:05.0 (6849380)|STATEMENT_EXECUTE|[7]
18:20:05.0 (6851394)|STATEMENT_EXECUTE|[8]
18:20:05.0 (6859254)|HEAP_ALLOCATE|[11]|Bytes:6
18:20:05.0 (6921704)|STATEMENT_EXECUTE|[9]
18:20:05.0 (6923916)|STATEMENT_EXECUTE|[11]
18:20:05.0 (6927345)|HEAP_ALLOCATE|[11]|Bytes:14
18:20:05.0 (6996663)|VARIABLE_ASSIGNMENT|[EXTERNAL]|this|{}|0x5a15cd76
18:20:05.0 (7017368)|VARIABLE_ASSIGNMENT|[EXTERNAL]|value|"Hello World!!!"
18:20:05.0 (7036374)|VARIABLE_ASSIGNMENT|[5]|this.helloWorld|"Hello World!!!"|0x5a15cd76
18:20:05.0 (7048408)|STATEMENT_EXECUTE|[16]
18:20:05.0 (7063122)|HEAP_ALLOCATE|[16]|Bytes:4
18:20:05.0 (7129765)|VARIABLE_SCOPE_BEGIN|[16]|myInts|List<Integer>|true|false
18:20:05.0 (7157993)|HEAP_ALLOCATE|[EXTERNAL]|Bytes:4
18:20:05.0 (7176518)|VARIABLE_ASSIGNMENT|[16]|myInts|[]|0x7c4738aa
18:20:05.0 (7183265)|STATEMENT_EXECUTE|[17]
18:20:05.0 (7185598)|STATEMENT_EXECUTE|[18]
18:20:05.0 (7188250)|STATEMENT_EXECUTE|[26]
18:20:05.0 (7230537)|HEAP_ALLOCATE|[26]|Bytes:4
18:20:05.0 (7238447)|HEAP_ALLOCATE|[EXTERNAL]|Bytes:4
18:20:05.0 (7252159)|STATEMENT_EXECUTE|[28]
18:20:05.0 (7280019)|HEAP_ALLOCATE|[28]|Bytes:4
18:20:05.0 (7379810)|VARIABLE_SCOPE_BEGIN|[28]|acc2|Account|true|false
18:20:05.0 (7395639)|VARIABLE_ASSIGNMENT|[28]|acc2|{}|0x8cd2429
18:20:05.0 (7401098)|STATEMENT_EXECUTE|[29]
18:20:05.0 (7419040)|HEAP_ALLOCATE|[50]|Bytes:5
18:20:05.0 (7434217)|HEAP_ALLOCATE|[56]|Bytes:5
18:20:05.0 (7441941)|HEAP_ALLOCATE|[64]|Bytes:7
18:20:05.0 (8715861)|VARIABLE_ASSIGNMENT|[29]|this.Match_Billing_Address__c|false|0x8cd2429
18:20:05.0 (8729306)|STATEMENT_EXECUTE|[31]
18:20:05.0 (8769367)|HEAP_ALLOCATE|[31]|Bytes:4
18:20:05.0 (8850392)|VARIABLE_SCOPE_BEGIN|[31]|cont|Contact|true|false
18:20:05.0 (8871492)|VARIABLE_ASSIGNMENT|[31]|cont|{}|0x73e49e24
18:20:05.0 (8877366)|STATEMENT_EXECUTE|[33]
18:20:05.0 (8922005)|HEAP_ALLOCATE|[33]|Bytes:4
18:20:05.0 (8927779)|HEAP_ALLOCATE|[EXTERNAL]|Bytes:4
18:20:05.0 (8936213)|STATEMENT_EXECUTE|[36]
18:20:05.0 (8941276)|HEAP_ALLOCATE|[36]|Bytes:66
18:20:05.0 (8957947)|HEAP_ALLOCATE|[36]|Bytes:4
18:20:05.0 (9486407)|SOQL_EXECUTE_BEGIN|[36]|Aggregations:0|SELECT AccountNumber, Name FROM Account WHERE createdDate <= today
18:20:05.0 (13259128)|SOQL_EXECUTE_END|[36]|Rows:24
18:20:05.0 (13291081)|HEAP_ALLOCATE|[36]|Bytes:100
18:20:05.0 (13338652)|HEAP_ALLOCATE|[36]|Bytes:1561
18:20:05.0 (13387987)|HEAP_ALLOCATE|[36]|Bytes:100
18:20:05.0 (13464245)|VARIABLE_ASSIGNMENT|[EXTERNAL]|this|{"helloWorld":"Hello World!!!"}|0x5a15cd76
18:20:05.0 (13498690)|VARIABLE_ASSIGNMENT|[EXTERNAL]|value|"List of size 24 too large to display"|0x61c0910e
18:20:05.0 (13513488)|VARIABLE_ASSIGNMENT|[6]|this.objs|"List of size 24 too large to display"|0x5a15cd76
18:20:05.0 (13524642)|STATEMENT_EXECUTE|[37]
18:20:05.0 (13542168)|HEAP_ALLOCATE|[37]|Bytes:4
18:20:05.0 (13555741)|HEAP_ALLOCATE|[37]|Bytes:5
18:20:05.0 (13590265)|VARIABLE_ASSIGNMENT|[37]|this.AccountNumber|"téste"|0x23326a12
18:20:05.0 (13618385)|VARIABLE_SCOPE_BEGIN|[37]|acc|Account|true|false
18:20:05.0 (13634384)|VARIABLE_ASSIGNMENT|[37]|acc|{"AccountNumber":"téste"}|0x23326a12
18:20:05.0 (13640062)|STATEMENT_EXECUTE|[38]
18:20:05.0 (13830900)|HEAP_ALLOCATE|[38]|Bytes:12
18:20:05.0 (13852797)|CONSTRUCTOR_ENTRY|[38]|01p1n00000PWhHV|<init>()|c_Objeto1Viewer.teste1
18:20:05.0 (13880916)|VARIABLE_SCOPE_BEGIN|[78]|this|c_Objeto1Viewer.teste1|true|false
18:20:05.0 (13918536)|VARIABLE_ASSIGNMENT|[78]|this|{}|0x6ba99c31
18:20:05.0 (13941100)|STATEMENT_EXECUTE|[78]
18:20:05.0 (13943523)|STATEMENT_EXECUTE|[79]
18:20:05.0 (13945649)|STATEMENT_EXECUTE|[80]
18:20:05.0 (13951997)|CONSTRUCTOR_EXIT|[38]|01p1n00000PWhHV|<init>()|c_Objeto1Viewer.teste1
18:20:05.0 (13958908)|VARIABLE_SCOPE_BEGIN|[38]|myVAr|c_Objeto1Viewer.teste1|true|false
18:20:05.0 (13970936)|VARIABLE_ASSIGNMENT|[38]|myVAr|{}|0x6ba99c31
18:20:05.0 (13975829)|STATEMENT_EXECUTE|[39]
18:20:05.0 (14201266)|USER_DEBUG|[39]|DEBUG|(1, 2)
18:20:05.0 (14249364)|VARIABLE_ASSIGNMENT|[EXTERNAL]|this|{"helloWorld":"Hello World!!!","objs":"0x61c0910e"}|0x5a15cd76
18:20:05.0 (14312457)|STATEMENT_EXECUTE|[40]
18:20:05.0 (14315355)|STATEMENT_EXECUTE|[45]
18:20:05.0 (14320344)|HEAP_ALLOCATE|[45]|Bytes:61
18:20:05.0 (14337809)|HEAP_ALLOCATE|[45]|Bytes:4
18:20:05.0 (14581509)|SOQL_EXECUTE_BEGIN|[45]|Aggregations:0|SELECT COUNT(Id) counter, Sla__c FROM account GROUP BY Sla__c
18:20:05.0 (20776909)|SOQL_EXECUTE_END|[45]|Rows:5
18:20:05.0 (20808481)|HEAP_ALLOCATE|[45]|Bytes:24
18:20:05.0 (20834133)|HEAP_ALLOCATE|[45]|Bytes:174
18:20:05.0 (20874682)|HEAP_ALLOCATE|[45]|Bytes:24
18:20:05.0 (20951658)|VARIABLE_ASSIGNMENT|[EXTERNAL]|this|{"helloWorld":"Hello World!!!","objs":"0x61c0910e"}|0x5a15cd76
18:20:05.0 (20985575)|VARIABLE_ASSIGNMENT|[EXTERNAL]|value|[{"counter":13},{"counter":2,"SLA__c":"Gold"},{"counter":3,"SLA__c":"Silver"},{"counter":4,"SLA__c":"Platinum"},{"counter":2,"SLA__c":"Bronze"}]|0x23bcfe3f
18:20:05.0 (21007390)|VARIABLE_ASSIGNMENT|[7]|this.agg|[{"counter":13},{"counter":2,"SLA__c":"Gold"},{"counter":3,"SLA__c":"Silver"},{"counter":4,"SLA__c":"Platinum"},{"counter":2,"SLA__c":"Bronze"}]|0x5a15cd76
18:20:05.0 (21019988)|STATEMENT_EXECUTE|[46]
18:20:05.0 (21060555)|VARIABLE_ASSIGNMENT|[EXTERNAL]|this|{"agg":"0x23bcfe3f","helloWorld":"Hello World!!!","objs":"0x61c0910e"}|0x5a15cd76
18:20:05.0 (21105123)|USER_DEBUG|[46]|DEBUG|(AggregateResult:{counter=13, SLA__c=null}, AggregateResult:{counter=2, SLA__c=Gold}, AggregateResult:{counter=3, SLA__c=Silver}, AggregateResult:{counter=4, SLA__c=Platinum}, AggregateResult:{counter=2, SLA__c=Bronze})
18:20:05.0 (21135266)|VARIABLE_ASSIGNMENT|[EXTERNAL]|this|{"agg":"0x23bcfe3f","helloWorld":"Hello World!!!","objs":"0x61c0910e"}|0x5a15cd76
18:20:05.0 (21399719)|HEAP_ALLOCATE|[47]|Bytes:5
18:20:05.0 (21438981)|HEAP_ALLOCATE|[47]|Bytes:12
18:20:05.0 (21451366)|VARIABLE_SCOPE_BEGIN|[47]|forVar|AggregateResult|true|false
18:20:05.0 (21469019)|VARIABLE_ASSIGNMENT|[47]|forVar|{"counter":13}|0x586a27a1
18:20:05.0 (21475989)|STATEMENT_EXECUTE|[47]
18:20:05.0 (21478527)|STATEMENT_EXECUTE|[48]
18:20:05.0 (21483200)|HEAP_ALLOCATE|[48]|Bytes:7
18:20:05.0 (21584527)|USER_DEBUG|[48]|DEBUG|13
18:20:05.0 (21600163)|HEAP_ALLOCATE|[47]|Bytes:5
18:20:05.0 (21610619)|HEAP_ALLOCATE|[47]|Bytes:12
18:20:05.0 (21616292)|VARIABLE_SCOPE_BEGIN|[47]|forVar|AggregateResult|true|false
18:20:05.0 (21629611)|VARIABLE_ASSIGNMENT|[47]|forVar|{"counter":2,"SLA__c":"Gold"}|0x5178912
18:20:05.0 (21634952)|STATEMENT_EXECUTE|[47]
18:20:05.0 (21637130)|STATEMENT_EXECUTE|[48]
18:20:05.0 (21656816)|USER_DEBUG|[48]|DEBUG|2
18:20:05.0 (21667542)|HEAP_ALLOCATE|[47]|Bytes:5
18:20:05.0 (21675938)|HEAP_ALLOCATE|[47]|Bytes:12
18:20:05.0 (21680458)|VARIABLE_SCOPE_BEGIN|[47]|forVar|AggregateResult|true|false
18:20:05.0 (21691489)|VARIABLE_ASSIGNMENT|[47]|forVar|{"counter":3,"SLA__c":"Silver"}|0x6d23fbbe
18:20:05.0 (21696652)|STATEMENT_EXECUTE|[47]
18:20:05.0 (21698695)|STATEMENT_EXECUTE|[48]
18:20:05.0 (21715609)|USER_DEBUG|[48]|DEBUG|3
18:20:05.0 (21725326)|HEAP_ALLOCATE|[47]|Bytes:5
18:20:05.0 (21733273)|HEAP_ALLOCATE|[47]|Bytes:12
18:20:05.0 (21737864)|VARIABLE_SCOPE_BEGIN|[47]|forVar|AggregateResult|true|false
18:20:05.0 (21748506)|VARIABLE_ASSIGNMENT|[47]|forVar|{"counter":4,"SLA__c":"Platinum"}|0x5dbcab71
18:20:05.0 (21753638)|STATEMENT_EXECUTE|[47]
18:20:05.0 (21755648)|STATEMENT_EXECUTE|[48]
18:20:05.0 (21771773)|USER_DEBUG|[48]|DEBUG|4
18:20:05.0 (21781323)|HEAP_ALLOCATE|[47]|Bytes:5
18:20:05.0 (21788742)|HEAP_ALLOCATE|[47]|Bytes:12
18:20:05.0 (21793089)|VARIABLE_SCOPE_BEGIN|[47]|forVar|AggregateResult|true|false
18:20:05.0 (21803440)|VARIABLE_ASSIGNMENT|[47]|forVar|{"counter":2,"SLA__c":"Bronze"}|0x54e2c848
18:20:05.0 (21808312)|STATEMENT_EXECUTE|[47]
18:20:05.0 (21810316)|STATEMENT_EXECUTE|[48]
18:20:05.0 (21826278)|USER_DEBUG|[48]|DEBUG|2
18:20:05.0 (21835645)|HEAP_ALLOCATE|[47]|Bytes:5
18:20:05.0 (21845493)|VARIABLE_ASSIGNMENT|[47]|forVar|null|
18:20:05.0 (22232543)|VF_APEX_CALL_END|c_Objeto1Viewer <init>|c_Objeto1Viewer
18:20:05.0 (23184723)|VF_APEX_CALL_START|[EXTERNAL]|01p1n00000PWhHV|c_Objeto1Viewer get(objs)|c_Objeto1Viewer
18:20:05.0 (23203764)|SYSTEM_MODE_ENTER|true
18:20:05.0 (23221207)|VF_APEX_CALL_START|[EXTERNAL]|01p1n00000PWhHV|objs|c_Objeto1Viewer
18:20:05.0 (23238477)|VF_APEX_CALL_END|objs|c_Objeto1Viewer
18:20:05.0 (23253545)|VF_APEX_CALL_END|c_Objeto1Viewer get(objs)|c_Objeto1Viewer
18:20:05.0 (44345025)|VF_APEX_CALL_START|[EXTERNAL]|01p1n00000PWhHV|c_Objeto1Viewer get(helloWorld)|c_Objeto1Viewer
18:20:05.0 (44377731)|SYSTEM_MODE_ENTER|true
18:20:05.0 (44391648)|VF_APEX_CALL_START|[EXTERNAL]|01p1n00000PWhHV|helloWorld|c_Objeto1Viewer
18:20:05.0 (44409336)|VF_APEX_CALL_END|helloWorld|c_Objeto1Viewer
18:20:05.0 (44429233)|VF_APEX_CALL_END|c_Objeto1Viewer get(helloWorld)|c_Objeto1Viewer
18:20:05.0 (49884660)|VF_SERIALIZE_VIEWSTATE_BEGIN|0661n000006Ebsm
18:20:05.0 (68429698)|VF_SERIALIZE_VIEWSTATE_END
18:20:05.96 (96726273)|CUMULATIVE_LIMIT_USAGE
18:20:05.96 (96726273)|LIMIT_USAGE_FOR_NS|(default)|
  Number of SOQL queries: 2 out of 100
  Number of query rows: 29 out of 50000
  Number of SOSL queries: 0 out of 20
  Number of DML statements: 0 out of 150
  Number of DML rows: 0 out of 10000
  Maximum CPU time: 0 out of 10000
  Maximum heap size: 0 out of 6000000
  Number of callouts: 0 out of 100
  Number of Email Invocations: 0 out of 10
  Number of future calls: 0 out of 50
  Number of queueable jobs added to the queue: 0 out of 50
  Number of Mobile Apex push calls: 0 out of 10

18:20:05.96 (96726273)|CUMULATIVE_LIMIT_USAGE_END

18:20:05.0 (96800788)|CODE_UNIT_FINISHED|VF: /apex/p_Objeto1Viewer
18:20:05.0 (97506744)|EXECUTION_FINISHED
