37.0 APEX_CODE,FINEST;APEX_PROFILING,INFO;CALLOUT,INFO;DB,INFO;NBA,INFO;SYSTEM,DEBUG;VALIDATION,INFO;VISUALFORCE,FINER;WAVE,INFO;WORKFLOW,INFO
16:37:11.2 (2491322)|USER_INFO|[EXTERNAL]|0050Y000000tMcw|mg@stepahead.pt|Greenwich Mean Time|GMTZ
16:37:11.2 (2564252)|EXECUTION_STARTED
16:37:11.2 (2574106)|CODE_UNIT_STARTED|[EXTERNAL]|01p0Y000000jBhI|TaskUtilTest.testTaskPriority()
16:37:11.2 (3523950)|HEAP_ALLOCATE|[72]|Bytes:3
16:37:11.2 (3601878)|HEAP_ALLOCATE|[77]|Bytes:152
16:37:11.2 (3626184)|HEAP_ALLOCATE|[342]|Bytes:408
16:37:11.2 (3656766)|HEAP_ALLOCATE|[355]|Bytes:408
16:37:11.2 (3685056)|HEAP_ALLOCATE|[467]|Bytes:48
16:37:11.2 (3726015)|HEAP_ALLOCATE|[139]|Bytes:6
16:37:11.2 (3749246)|HEAP_ALLOCATE|[EXTERNAL]|Bytes:3
16:37:11.2 (3769199)|METHOD_ENTRY|[2]|01p0Y000000jBhI|TaskUtilTest.TaskUtilTest()
16:37:11.2 (3785833)|STATEMENT_EXECUTE|[2]
16:37:11.2 (3800515)|STATEMENT_EXECUTE|[2]
16:37:11.2 (3808912)|METHOD_EXIT|[2]|TaskUtilTest
16:37:11.2 (3849631)|HEAP_ALLOCATE|[50]|Bytes:5
16:37:11.2 (3879828)|HEAP_ALLOCATE|[56]|Bytes:5
16:37:11.2 (3893118)|HEAP_ALLOCATE|[64]|Bytes:7
16:37:11.2 (3950166)|STATEMENT_EXECUTE|[3]
16:37:11.2 (3952837)|STATEMENT_EXECUTE|[4]
16:37:11.2 (3960723)|HEAP_ALLOCATE|[4]|Bytes:2
16:37:11.2 (6006413)|HEAP_ALLOCATE|[4]|Bytes:1
16:37:11.2 (6051469)|METHOD_ENTRY|[1]|01p0Y000000jBhD|TaskUtil.TaskUtil()
16:37:11.2 (6059977)|STATEMENT_EXECUTE|[1]
16:37:11.2 (6067077)|STATEMENT_EXECUTE|[1]
16:37:11.2 (6074342)|METHOD_EXIT|[1]|TaskUtil
16:37:11.2 (6119583)|METHOD_ENTRY|[4]|01p0Y000000jBhD|TaskUtil.getTaskPriority(String)
16:37:11.2 (6173268)|VARIABLE_SCOPE_BEGIN|[2]|leadState|String|false|false
16:37:11.2 (6223191)|VARIABLE_ASSIGNMENT|[2]|leadState|"NY"
16:37:11.2 (6244588)|STATEMENT_EXECUTE|[2]
16:37:11.2 (6384721)|STATEMENT_EXECUTE|[4]
16:37:11.2 (6388932)|STATEMENT_EXECUTE|[8]
16:37:11.2 (6396748)|VARIABLE_SCOPE_BEGIN|[8]|taskPriority|String|false|false
16:37:11.2 (6415439)|VARIABLE_ASSIGNMENT|[8]|taskPriority|null
16:37:11.2 (6425289)|HEAP_ALLOCATE|[10]|Bytes:2
16:37:11.2 (6452116)|STATEMENT_EXECUTE|[12]
16:37:11.2 (6455430)|STATEMENT_EXECUTE|[13]
16:37:11.2 (6459305)|HEAP_ALLOCATE|[13]|Bytes:6
16:37:11.2 (6469580)|VARIABLE_ASSIGNMENT|[13]|taskPriority|"Normal"
16:37:11.2 (6475253)|STATEMENT_EXECUTE|[16]
16:37:11.2 (6484314)|METHOD_EXIT|[4]|01p0Y000000jBhD|TaskUtil.getTaskPriority(String)
16:37:11.2 (6492241)|VARIABLE_SCOPE_BEGIN|[4]|pri|String|false|false
16:37:11.2 (6504293)|VARIABLE_ASSIGNMENT|[4]|pri|"Normal"
16:37:11.2 (6510229)|STATEMENT_EXECUTE|[5]
16:37:11.6 (6611932)|CUMULATIVE_LIMIT_USAGE
16:37:11.6 (6611932)|LIMIT_USAGE_FOR_NS|(default)|
  Number of SOQL queries: 0 out of 100
  Number of query rows: 0 out of 50000
  Number of SOSL queries: 0 out of 20
  Number of DML statements: 0 out of 150
  Number of DML rows: 0 out of 10000
  Maximum CPU time: 0 out of 10000
  Maximum heap size: 0 out of 6000000
  Number of callouts: 0 out of 100
  Number of Email Invocations: 0 out of 10
  Number of future calls: 0 out of 50
  Number of queueable jobs added to the queue: 0 out of 50
  Number of Mobile Apex push calls: 0 out of 10

16:37:11.6 (6611932)|CUMULATIVE_LIMIT_USAGE_END

16:37:11.2 (6664113)|CODE_UNIT_FINISHED|TaskUtilTest.testTaskPriority()
16:37:11.2 (7536482)|EXECUTION_FINISHED
