45.0 APEX_CODE,FINEST;APEX_PROFILING,INFO;CALLOUT,INFO;DB,INFO;NBA,INFO;SYSTEM,DEBUG;VALIDATION,INFO;VISUALFORCE,FINER;WAVE,INFO;WORKFLOW,INFO
18:21:21.0 (240733)|USER_INFO|[EXTERNAL]|0050Y000000tMcw|mg@stepahead.pt|(GMT+00:00) Irish Summer Time (Europe/Dublin)|GMTZ
18:21:21.0 (309147)|EXECUTION_STARTED
18:21:21.0 (325434)|CODE_UNIT_STARTED|[EXTERNAL]|0661n000006Ebsm|VF: /apex/p_Objeto1Viewer
18:21:21.0 (3739197)|VF_APEX_CALL_START|[EXTERNAL]|01p1n00000PWhHV|c_Objeto1Viewer <init>|c_Objeto1Viewer
18:21:21.0 (3803886)|SYSTEM_MODE_ENTER|true
18:21:21.0 (4202617)|HEAP_ALLOCATE|[72]|Bytes:3
18:21:21.0 (4257888)|HEAP_ALLOCATE|[77]|Bytes:152
18:21:21.0 (4275049)|HEAP_ALLOCATE|[342]|Bytes:408
18:21:21.0 (4289254)|HEAP_ALLOCATE|[355]|Bytes:408
18:21:21.0 (4301631)|HEAP_ALLOCATE|[467]|Bytes:48
18:21:21.0 (4328681)|HEAP_ALLOCATE|[139]|Bytes:6
18:21:21.0 (4396510)|HEAP_ALLOCATE|[EXTERNAL]|Bytes:6
18:21:21.0 (4402694)|HEAP_ALLOCATE|[EXTERNAL]|Bytes:132
18:21:21.0 (4408478)|HEAP_ALLOCATE|[EXTERNAL]|Bytes:13
18:21:21.0 (4414552)|HEAP_ALLOCATE|[EXTERNAL]|Bytes:11
18:21:21.0 (4430863)|METHOD_ENTRY|[4]|01p1n00000PWhHV|c_Objeto1Viewer.c_Objeto1Viewer()
18:21:21.0 (4448113)|STATEMENT_EXECUTE|[4]
18:21:21.0 (4458235)|STATEMENT_EXECUTE|[4]
18:21:21.0 (4462668)|STATEMENT_EXECUTE|[78]
18:21:21.0 (4470233)|METHOD_EXIT|[4]|c_Objeto1Viewer
18:21:21.0 (4479231)|HEAP_ALLOCATE|[EXTERNAL]|Bytes:20
18:21:21.0 (4493338)|VARIABLE_SCOPE_BEGIN|[9]|this|c_Objeto1Viewer|true|false
18:21:21.0 (4609970)|VARIABLE_ASSIGNMENT|[9]|this|{}|0x687b9399
18:21:21.0 (4623090)|STATEMENT_EXECUTE|[4]
18:21:21.0 (4626020)|STATEMENT_EXECUTE|[5]
18:21:21.0 (4629776)|STATEMENT_EXECUTE|[6]
18:21:21.0 (4632147)|STATEMENT_EXECUTE|[7]
18:21:21.0 (4634405)|STATEMENT_EXECUTE|[8]
18:21:21.0 (4644035)|HEAP_ALLOCATE|[11]|Bytes:6
18:21:21.0 (4729216)|STATEMENT_EXECUTE|[9]
18:21:21.0 (4731712)|STATEMENT_EXECUTE|[11]
18:21:21.0 (4736555)|HEAP_ALLOCATE|[11]|Bytes:14
18:21:21.0 (4782583)|VARIABLE_ASSIGNMENT|[EXTERNAL]|this|{}|0x687b9399
18:21:21.0 (4801711)|VARIABLE_ASSIGNMENT|[EXTERNAL]|value|"Hello World!!!"
18:21:21.0 (4821150)|VARIABLE_ASSIGNMENT|[5]|this.helloWorld|"Hello World!!!"|0x687b9399
18:21:21.0 (106361246)|HEAP_DUMP|[16]|07n1n000000LMtA|c_Objeto1Viewer|none|16
18:21:21.0 (106391828)|STATEMENT_EXECUTE|[16]
18:21:21.0 (106488702)|HEAP_ALLOCATE|[16]|Bytes:4
18:21:21.0 (106588840)|VARIABLE_SCOPE_BEGIN|[16]|myInts|List<Integer>|true|false
18:21:21.0 (106634215)|HEAP_ALLOCATE|[EXTERNAL]|Bytes:4
18:21:21.0 (106664333)|VARIABLE_ASSIGNMENT|[16]|myInts|[]|0x4bde4491
18:21:21.0 (106680857)|STATEMENT_EXECUTE|[17]
18:21:21.0 (106687222)|STATEMENT_EXECUTE|[18]
18:21:21.0 (106691299)|STATEMENT_EXECUTE|[26]
18:21:21.0 (106774650)|HEAP_ALLOCATE|[26]|Bytes:4
18:21:21.0 (106788444)|HEAP_ALLOCATE|[EXTERNAL]|Bytes:4
18:21:21.0 (106810121)|STATEMENT_EXECUTE|[28]
18:21:21.0 (106886273)|HEAP_ALLOCATE|[28]|Bytes:4
18:21:21.0 (107019762)|VARIABLE_SCOPE_BEGIN|[28]|acc2|Account|true|false
18:21:21.0 (107054371)|VARIABLE_ASSIGNMENT|[28]|acc2|{}|0x483ffed1
18:21:21.0 (107069157)|STATEMENT_EXECUTE|[29]
18:21:21.0 (107103625)|HEAP_ALLOCATE|[50]|Bytes:5
18:21:21.0 (107128413)|HEAP_ALLOCATE|[56]|Bytes:5
18:21:21.0 (107143346)|HEAP_ALLOCATE|[64]|Bytes:7
18:21:21.0 (107324588)|VARIABLE_ASSIGNMENT|[29]|this.Match_Billing_Address__c|false|0x483ffed1
18:21:21.0 (107343073)|STATEMENT_EXECUTE|[31]
18:21:21.0 (107384232)|HEAP_ALLOCATE|[31]|Bytes:4
18:21:21.0 (107471636)|VARIABLE_SCOPE_BEGIN|[31]|cont|Contact|true|false
18:21:21.0 (107497190)|VARIABLE_ASSIGNMENT|[31]|cont|{}|0x3f106db1
18:21:21.0 (107510847)|STATEMENT_EXECUTE|[33]
18:21:21.0 (107559946)|HEAP_ALLOCATE|[33]|Bytes:4
18:21:21.0 (107569794)|HEAP_ALLOCATE|[EXTERNAL]|Bytes:4
18:21:21.0 (107585076)|STATEMENT_EXECUTE|[36]
18:21:21.0 (107590817)|HEAP_ALLOCATE|[36]|Bytes:66
18:21:21.0 (107615954)|HEAP_ALLOCATE|[36]|Bytes:4
18:21:21.0 (109094308)|SOQL_EXECUTE_BEGIN|[36]|Aggregations:0|SELECT AccountNumber, Name FROM Account WHERE createdDate <= today
18:21:21.0 (113096462)|SOQL_EXECUTE_END|[36]|Rows:24
18:21:21.0 (113136395)|HEAP_ALLOCATE|[36]|Bytes:100
18:21:21.0 (113204651)|HEAP_ALLOCATE|[36]|Bytes:1561
18:21:21.0 (113281553)|HEAP_ALLOCATE|[36]|Bytes:100
18:21:21.0 (113370115)|VARIABLE_ASSIGNMENT|[EXTERNAL]|this|{"helloWorld":"Hello World!!!"}|0x687b9399
18:21:21.0 (113407889)|VARIABLE_ASSIGNMENT|[EXTERNAL]|value|"List of size 24 too large to display"|0x8a480ba
18:21:21.0 (113433064)|VARIABLE_ASSIGNMENT|[6]|this.objs|"List of size 24 too large to display"|0x687b9399
18:21:21.0 (113449164)|STATEMENT_EXECUTE|[37]
18:21:21.0 (113470004)|HEAP_ALLOCATE|[37]|Bytes:4
18:21:21.0 (113484418)|HEAP_ALLOCATE|[37]|Bytes:5
18:21:21.0 (113521080)|VARIABLE_ASSIGNMENT|[37]|this.AccountNumber|"téste"|0x165aa3b0
18:21:21.0 (113545976)|VARIABLE_SCOPE_BEGIN|[37]|acc|Account|true|false
18:21:21.0 (113565096)|VARIABLE_ASSIGNMENT|[37]|acc|{"AccountNumber":"téste"}|0x165aa3b0
18:21:21.0 (113574749)|STATEMENT_EXECUTE|[38]
18:21:21.0 (113641516)|HEAP_ALLOCATE|[38]|Bytes:12
18:21:21.0 (113653374)|CONSTRUCTOR_ENTRY|[38]|01p1n00000PWhHV|<init>()|c_Objeto1Viewer.teste1
18:21:21.0 (113682008)|VARIABLE_SCOPE_BEGIN|[78]|this|c_Objeto1Viewer.teste1|true|false
18:21:21.0 (113709339)|VARIABLE_ASSIGNMENT|[78]|this|{}|0x620ad1cc
18:21:21.0 (113734019)|STATEMENT_EXECUTE|[78]
18:21:21.0 (113736708)|STATEMENT_EXECUTE|[79]
18:21:21.0 (113739157)|STATEMENT_EXECUTE|[80]
18:21:21.0 (113745499)|CONSTRUCTOR_EXIT|[38]|01p1n00000PWhHV|<init>()|c_Objeto1Viewer.teste1
18:21:21.0 (113753477)|VARIABLE_SCOPE_BEGIN|[38]|myVAr|c_Objeto1Viewer.teste1|true|false
18:21:21.0 (113781915)|VARIABLE_ASSIGNMENT|[38]|myVAr|{}|0x620ad1cc
18:21:21.0 (113791961)|STATEMENT_EXECUTE|[39]
18:21:21.0 (113856908)|USER_DEBUG|[39]|DEBUG|(1, 2)
18:21:21.0 (113900714)|VARIABLE_ASSIGNMENT|[EXTERNAL]|this|{"helloWorld":"Hello World!!!","objs":"0x8a480ba"}|0x687b9399
18:21:21.0 (113961747)|STATEMENT_EXECUTE|[40]
18:21:21.0 (113964403)|STATEMENT_EXECUTE|[45]
18:21:21.0 (113970363)|HEAP_ALLOCATE|[45]|Bytes:61
18:21:21.0 (113997035)|HEAP_ALLOCATE|[45]|Bytes:4
18:21:21.0 (114217540)|SOQL_EXECUTE_BEGIN|[45]|Aggregations:0|SELECT COUNT(Id) counter, Sla__c FROM account GROUP BY Sla__c
18:21:21.0 (120551424)|SOQL_EXECUTE_END|[45]|Rows:5
18:21:21.0 (120586166)|HEAP_ALLOCATE|[45]|Bytes:24
18:21:21.0 (120612033)|HEAP_ALLOCATE|[45]|Bytes:174
18:21:21.0 (120721154)|HEAP_ALLOCATE|[45]|Bytes:24
18:21:21.0 (120806355)|VARIABLE_ASSIGNMENT|[EXTERNAL]|this|{"helloWorld":"Hello World!!!","objs":"0x8a480ba"}|0x687b9399
18:21:21.0 (120848143)|VARIABLE_ASSIGNMENT|[EXTERNAL]|value|[{"counter":13},{"counter":2,"SLA__c":"Gold"},{"counter":3,"SLA__c":"Silver"},{"counter":4,"SLA__c":"Platinum"},{"counter":2,"SLA__c":"Bronze"}]|0x716f9bb2
18:21:21.0 (120877210)|VARIABLE_ASSIGNMENT|[7]|this.agg|[{"counter":13},{"counter":2,"SLA__c":"Gold"},{"counter":3,"SLA__c":"Silver"},{"counter":4,"SLA__c":"Platinum"},{"counter":2,"SLA__c":"Bronze"}]|0x687b9399
18:21:21.0 (120894806)|STATEMENT_EXECUTE|[46]
18:21:21.0 (120934692)|VARIABLE_ASSIGNMENT|[EXTERNAL]|this|{"agg":"0x716f9bb2","helloWorld":"Hello World!!!","objs":"0x8a480ba"}|0x687b9399
18:21:21.0 (121007433)|USER_DEBUG|[46]|DEBUG|(AggregateResult:{counter=13, SLA__c=null}, AggregateResult:{counter=2, SLA__c=Gold}, AggregateResult:{counter=3, SLA__c=Silver}, AggregateResult:{counter=4, SLA__c=Platinum}, AggregateResult:{counter=2, SLA__c=Bronze})
18:21:21.0 (121047800)|VARIABLE_ASSIGNMENT|[EXTERNAL]|this|{"agg":"0x716f9bb2","helloWorld":"Hello World!!!","objs":"0x8a480ba"}|0x687b9399
18:21:21.0 (121215309)|HEAP_ALLOCATE|[47]|Bytes:5
18:21:21.0 (121256702)|HEAP_ALLOCATE|[47]|Bytes:12
18:21:21.0 (121268385)|VARIABLE_SCOPE_BEGIN|[47]|forVar|AggregateResult|true|false
18:21:21.0 (121288551)|VARIABLE_ASSIGNMENT|[47]|forVar|{"counter":13}|0x6b53e3f6
18:21:21.0 (121298698)|STATEMENT_EXECUTE|[47]
18:21:21.0 (121301537)|STATEMENT_EXECUTE|[48]
18:21:21.0 (121305592)|HEAP_ALLOCATE|[48]|Bytes:7
18:21:21.0 (121401028)|USER_DEBUG|[48]|DEBUG|13
18:21:21.0 (121418001)|HEAP_ALLOCATE|[47]|Bytes:5
18:21:21.0 (121430245)|HEAP_ALLOCATE|[47]|Bytes:12
18:21:21.0 (121437734)|VARIABLE_SCOPE_BEGIN|[47]|forVar|AggregateResult|true|false
18:21:21.0 (121453263)|VARIABLE_ASSIGNMENT|[47]|forVar|{"counter":2,"SLA__c":"Gold"}|0x23de8616
18:21:21.0 (121462750)|STATEMENT_EXECUTE|[47]
18:21:21.0 (121466518)|STATEMENT_EXECUTE|[48]
18:21:21.0 (121488026)|USER_DEBUG|[48]|DEBUG|2
18:21:21.0 (121500397)|HEAP_ALLOCATE|[47]|Bytes:5
18:21:21.0 (121510442)|HEAP_ALLOCATE|[47]|Bytes:12
18:21:21.0 (121516649)|VARIABLE_SCOPE_BEGIN|[47]|forVar|AggregateResult|true|false
18:21:21.0 (121530969)|VARIABLE_ASSIGNMENT|[47]|forVar|{"counter":3,"SLA__c":"Silver"}|0x19c3b94e
18:21:21.0 (121539184)|STATEMENT_EXECUTE|[47]
18:21:21.0 (121541568)|STATEMENT_EXECUTE|[48]
18:21:21.0 (121561252)|USER_DEBUG|[48]|DEBUG|3
18:21:21.0 (121573299)|HEAP_ALLOCATE|[47]|Bytes:5
18:21:21.0 (121582899)|HEAP_ALLOCATE|[47]|Bytes:12
18:21:21.0 (121589002)|VARIABLE_SCOPE_BEGIN|[47]|forVar|AggregateResult|true|false
18:21:21.0 (121604195)|VARIABLE_ASSIGNMENT|[47]|forVar|{"counter":4,"SLA__c":"Platinum"}|0x8d236f8
18:21:21.0 (121611105)|STATEMENT_EXECUTE|[47]
18:21:21.0 (121614714)|STATEMENT_EXECUTE|[48]
18:21:21.0 (121633249)|USER_DEBUG|[48]|DEBUG|4
18:21:21.0 (121644687)|HEAP_ALLOCATE|[47]|Bytes:5
18:21:21.0 (121653979)|HEAP_ALLOCATE|[47]|Bytes:12
18:21:21.0 (121660129)|VARIABLE_SCOPE_BEGIN|[47]|forVar|AggregateResult|true|false
18:21:21.0 (121673301)|VARIABLE_ASSIGNMENT|[47]|forVar|{"counter":2,"SLA__c":"Bronze"}|0x7cea2847
18:21:21.0 (121681492)|STATEMENT_EXECUTE|[47]
18:21:21.0 (121683731)|STATEMENT_EXECUTE|[48]
18:21:21.0 (121701901)|USER_DEBUG|[48]|DEBUG|2
18:21:21.0 (121713175)|HEAP_ALLOCATE|[47]|Bytes:5
18:21:21.0 (121724409)|VARIABLE_ASSIGNMENT|[47]|forVar|null|
18:21:21.0 (122152502)|VF_APEX_CALL_END|c_Objeto1Viewer <init>|c_Objeto1Viewer
18:21:21.0 (122999854)|VF_APEX_CALL_START|[EXTERNAL]|01p1n00000PWhHV|c_Objeto1Viewer get(objs)|c_Objeto1Viewer
18:21:21.0 (123021374)|SYSTEM_MODE_ENTER|true
18:21:21.0 (123038635)|VF_APEX_CALL_START|[EXTERNAL]|01p1n00000PWhHV|objs|c_Objeto1Viewer
18:21:21.0 (123057837)|VF_APEX_CALL_END|objs|c_Objeto1Viewer
18:21:21.0 (123075460)|VF_APEX_CALL_END|c_Objeto1Viewer get(objs)|c_Objeto1Viewer
18:21:21.0 (137751620)|VF_APEX_CALL_START|[EXTERNAL]|01p1n00000PWhHV|c_Objeto1Viewer get(helloWorld)|c_Objeto1Viewer
18:21:21.0 (137784317)|SYSTEM_MODE_ENTER|true
18:21:21.0 (137804188)|VF_APEX_CALL_START|[EXTERNAL]|01p1n00000PWhHV|helloWorld|c_Objeto1Viewer
18:21:21.0 (137832082)|VF_APEX_CALL_END|helloWorld|c_Objeto1Viewer
18:21:21.0 (137893067)|VF_APEX_CALL_END|c_Objeto1Viewer get(helloWorld)|c_Objeto1Viewer
18:21:21.0 (143947749)|VF_SERIALIZE_VIEWSTATE_BEGIN|0661n000006Ebsm
18:21:21.0 (146542942)|VF_SERIALIZE_VIEWSTATE_END
18:21:21.167 (167636130)|CUMULATIVE_LIMIT_USAGE
18:21:21.167 (167636130)|LIMIT_USAGE_FOR_NS|(default)|
  Number of SOQL queries: 2 out of 100
  Number of query rows: 29 out of 50000
  Number of SOSL queries: 0 out of 20
  Number of DML statements: 0 out of 150
  Number of DML rows: 0 out of 10000
  Maximum CPU time: 0 out of 10000
  Maximum heap size: 0 out of 6000000
  Number of callouts: 0 out of 100
  Number of Email Invocations: 0 out of 10
  Number of future calls: 0 out of 50
  Number of queueable jobs added to the queue: 0 out of 50
  Number of Mobile Apex push calls: 0 out of 10

18:21:21.167 (167636130)|CUMULATIVE_LIMIT_USAGE_END

18:21:21.0 (167721361)|CODE_UNIT_FINISHED|VF: /apex/p_Objeto1Viewer
18:21:21.0 (168600054)|EXECUTION_FINISHED
