45.0 APEX_CODE,FINEST;APEX_PROFILING,INFO;CALLOUT,INFO;DB,INFO;NBA,INFO;SYSTEM,DEBUG;VALIDATION,INFO;VISUALFORCE,FINER;WAVE,INFO;WORKFLOW,INFO
18:07:12.0 (483020)|USER_INFO|[EXTERNAL]|0050Y000000tMcw|mg@stepahead.pt|(GMT+00:00) Irish Summer Time (Europe/Dublin)|GMTZ
18:07:12.0 (519620)|EXECUTION_STARTED
18:07:12.0 (526930)|CODE_UNIT_STARTED|[EXTERNAL]|0661n000006Ebsm|VF: /apex/p_Objeto1Viewer
18:07:12.0 (1951923)|VF_APEX_CALL_START|[EXTERNAL]|01p1n00000PWhHV|c_Objeto1Viewer <init>|c_Objeto1Viewer
18:07:12.0 (1993931)|SYSTEM_MODE_ENTER|true
18:07:12.0 (2340531)|HEAP_ALLOCATE|[72]|Bytes:3
18:07:12.0 (2377289)|HEAP_ALLOCATE|[77]|Bytes:152
18:07:12.0 (2390350)|HEAP_ALLOCATE|[342]|Bytes:408
18:07:12.0 (2401945)|HEAP_ALLOCATE|[355]|Bytes:408
18:07:12.0 (2412432)|HEAP_ALLOCATE|[467]|Bytes:48
18:07:12.0 (2436110)|HEAP_ALLOCATE|[139]|Bytes:6
18:07:12.0 (2461949)|HEAP_ALLOCATE|[EXTERNAL]|Bytes:6
18:07:12.0 (2468142)|HEAP_ALLOCATE|[EXTERNAL]|Bytes:132
18:07:12.0 (2472646)|HEAP_ALLOCATE|[EXTERNAL]|Bytes:13
18:07:12.0 (2477113)|HEAP_ALLOCATE|[EXTERNAL]|Bytes:8
18:07:12.0 (2489902)|METHOD_ENTRY|[4]|01p1n00000PWhHV|c_Objeto1Viewer.c_Objeto1Viewer()
18:07:12.0 (2499140)|STATEMENT_EXECUTE|[4]
18:07:12.0 (2506607)|STATEMENT_EXECUTE|[4]
18:07:12.0 (2508828)|STATEMENT_EXECUTE|[78]
18:07:12.0 (2514211)|METHOD_EXIT|[4]|c_Objeto1Viewer
18:07:12.0 (2574484)|HEAP_ALLOCATE|[EXTERNAL]|Bytes:20
18:07:12.0 (2586707)|VARIABLE_SCOPE_BEGIN|[9]|this|c_Objeto1Viewer|true|false
18:07:12.0 (2736152)|VARIABLE_ASSIGNMENT|[9]|this|{}|0x3285d56b
18:07:12.0 (2746451)|STATEMENT_EXECUTE|[4]
18:07:12.0 (2749045)|STATEMENT_EXECUTE|[5]
18:07:12.0 (2751452)|STATEMENT_EXECUTE|[6]
18:07:12.0 (2753480)|STATEMENT_EXECUTE|[7]
18:07:12.0 (2755538)|STATEMENT_EXECUTE|[8]
18:07:12.0 (2763962)|HEAP_ALLOCATE|[11]|Bytes:6
18:07:12.0 (2816675)|STATEMENT_EXECUTE|[9]
18:07:12.0 (2818851)|STATEMENT_EXECUTE|[11]
18:07:12.0 (2821914)|HEAP_ALLOCATE|[11]|Bytes:14
18:07:12.0 (2882459)|VARIABLE_ASSIGNMENT|[EXTERNAL]|this|{}|0x3285d56b
18:07:12.0 (2900883)|VARIABLE_ASSIGNMENT|[EXTERNAL]|value|"Hello World!!!"
18:07:12.0 (2923372)|VARIABLE_ASSIGNMENT|[5]|this.helloWorld|"Hello World!!!"|0x3285d56b
18:07:12.0 (2939746)|STATEMENT_EXECUTE|[16]
18:07:12.0 (2953269)|HEAP_ALLOCATE|[16]|Bytes:4
18:07:12.0 (2999035)|VARIABLE_SCOPE_BEGIN|[16]|myInts|List<Integer>|true|false
18:07:12.0 (3025674)|HEAP_ALLOCATE|[EXTERNAL]|Bytes:4
18:07:12.0 (3043203)|VARIABLE_ASSIGNMENT|[16]|myInts|[]|0x7b395dad
18:07:12.0 (3049415)|STATEMENT_EXECUTE|[17]
18:07:12.0 (3051714)|STATEMENT_EXECUTE|[18]
18:07:12.0 (3054601)|STATEMENT_EXECUTE|[26]
18:07:12.0 (3087883)|HEAP_ALLOCATE|[26]|Bytes:4
18:07:12.0 (3094884)|HEAP_ALLOCATE|[EXTERNAL]|Bytes:4
18:07:12.0 (3104221)|STATEMENT_EXECUTE|[28]
18:07:12.0 (3132101)|HEAP_ALLOCATE|[28]|Bytes:4
18:07:12.0 (3207747)|VARIABLE_SCOPE_BEGIN|[28]|acc2|Account|true|false
18:07:12.0 (3224418)|VARIABLE_ASSIGNMENT|[28]|acc2|{}|0x670be12c
18:07:12.0 (3229588)|STATEMENT_EXECUTE|[29]
18:07:12.0 (3246348)|HEAP_ALLOCATE|[50]|Bytes:5
18:07:12.0 (3260802)|HEAP_ALLOCATE|[56]|Bytes:5
18:07:12.0 (3268380)|HEAP_ALLOCATE|[64]|Bytes:7
18:07:12.0 (3342156)|VARIABLE_ASSIGNMENT|[29]|this.Match_Billing_Address__c|false|0x670be12c
18:07:12.0 (3347895)|STATEMENT_EXECUTE|[31]
18:07:12.0 (3372654)|HEAP_ALLOCATE|[31]|Bytes:4
18:07:12.0 (3416292)|VARIABLE_SCOPE_BEGIN|[31]|cont|Contact|true|false
18:07:12.0 (3428200)|VARIABLE_ASSIGNMENT|[31]|cont|{}|0x5211c5b0
18:07:12.0 (3433124)|STATEMENT_EXECUTE|[33]
18:07:12.0 (3481502)|HEAP_ALLOCATE|[33]|Bytes:4
18:07:12.0 (3487362)|HEAP_ALLOCATE|[EXTERNAL]|Bytes:4
18:07:12.0 (3496049)|STATEMENT_EXECUTE|[36]
18:07:12.0 (3500327)|HEAP_ALLOCATE|[36]|Bytes:66
18:07:12.0 (3515544)|HEAP_ALLOCATE|[36]|Bytes:4
18:07:12.0 (3822826)|SOQL_EXECUTE_BEGIN|[36]|Aggregations:0|SELECT AccountNumber, Name FROM Account WHERE createdDate <= today
18:07:12.0 (11278593)|SOQL_EXECUTE_END|[36]|Rows:24
18:07:12.0 (11307184)|HEAP_ALLOCATE|[36]|Bytes:100
18:07:12.0 (11355115)|HEAP_ALLOCATE|[36]|Bytes:1561
18:07:12.0 (11389605)|HEAP_ALLOCATE|[36]|Bytes:100
18:07:12.0 (11474469)|VARIABLE_ASSIGNMENT|[EXTERNAL]|this|{"helloWorld":"Hello World!!!"}|0x3285d56b
18:07:12.0 (11507660)|VARIABLE_ASSIGNMENT|[EXTERNAL]|value|"List of size 24 too large to display"|0x11ccebf2
18:07:12.0 (11522596)|VARIABLE_ASSIGNMENT|[6]|this.objs|"List of size 24 too large to display"|0x3285d56b
18:07:12.0 (11533750)|STATEMENT_EXECUTE|[37]
18:07:12.0 (11549846)|HEAP_ALLOCATE|[37]|Bytes:4
18:07:12.0 (11561905)|HEAP_ALLOCATE|[37]|Bytes:5
18:07:12.0 (11591995)|VARIABLE_ASSIGNMENT|[37]|this.AccountNumber|"téste"|0x540dbc97
18:07:12.0 (11616604)|VARIABLE_SCOPE_BEGIN|[37]|acc|Account|true|false
18:07:12.0 (11632079)|VARIABLE_ASSIGNMENT|[37]|acc|{"AccountNumber":"téste"}|0x540dbc97
18:07:12.0 (11637996)|STATEMENT_EXECUTE|[38]
18:07:12.0 (11813340)|HEAP_ALLOCATE|[38]|Bytes:12
18:07:12.0 (11833162)|CONSTRUCTOR_ENTRY|[38]|01p1n00000PWhHV|<init>()|c_Objeto1Viewer.teste1
18:07:12.0 (11861631)|VARIABLE_SCOPE_BEGIN|[78]|this|c_Objeto1Viewer.teste1|true|false
18:07:12.0 (11906984)|VARIABLE_ASSIGNMENT|[78]|this|{}|0x7c4327c7
18:07:12.0 (11925519)|STATEMENT_EXECUTE|[78]
18:07:12.0 (11927883)|STATEMENT_EXECUTE|[79]
18:07:12.0 (11930004)|STATEMENT_EXECUTE|[80]
18:07:12.0 (11934649)|CONSTRUCTOR_EXIT|[38]|01p1n00000PWhHV|<init>()|c_Objeto1Viewer.teste1
18:07:12.0 (11941416)|VARIABLE_SCOPE_BEGIN|[38]|myVAr|c_Objeto1Viewer.teste1|true|false
18:07:12.0 (11953675)|VARIABLE_ASSIGNMENT|[38]|myVAr|{}|0x7c4327c7
18:07:12.0 (11996711)|VARIABLE_ASSIGNMENT|[EXTERNAL]|this|{"helloWorld":"Hello World!!!","objs":"0x11ccebf2"}|0x3285d56b
18:07:12.0 (12044235)|STATEMENT_EXECUTE|[40]
18:07:12.0 (12047779)|STATEMENT_EXECUTE|[45]
18:07:12.0 (12052244)|HEAP_ALLOCATE|[45]|Bytes:61
18:07:12.0 (12068707)|HEAP_ALLOCATE|[45]|Bytes:4
18:07:12.0 (12289944)|SOQL_EXECUTE_BEGIN|[45]|Aggregations:0|SELECT COUNT(Id) counter, Sla__c FROM account GROUP BY Sla__c
18:07:12.0 (28689813)|SOQL_EXECUTE_END|[45]|Rows:5
18:07:12.0 (28732281)|HEAP_ALLOCATE|[45]|Bytes:24
18:07:12.0 (28759037)|HEAP_ALLOCATE|[45]|Bytes:174
18:07:12.0 (28800584)|HEAP_ALLOCATE|[45]|Bytes:24
18:07:12.0 (28886288)|VARIABLE_ASSIGNMENT|[EXTERNAL]|this|{"helloWorld":"Hello World!!!","objs":"0x11ccebf2"}|0x3285d56b
18:07:12.0 (28922745)|VARIABLE_ASSIGNMENT|[EXTERNAL]|value|[{"counter":13},{"counter":2,"SLA__c":"Gold"},{"counter":3,"SLA__c":"Silver"},{"counter":4,"SLA__c":"Platinum"},{"counter":2,"SLA__c":"Bronze"}]|0x249245df
18:07:12.0 (28946648)|VARIABLE_ASSIGNMENT|[7]|this.agg|[{"counter":13},{"counter":2,"SLA__c":"Gold"},{"counter":3,"SLA__c":"Silver"},{"counter":4,"SLA__c":"Platinum"},{"counter":2,"SLA__c":"Bronze"}]|0x3285d56b
18:07:12.0 (28958439)|STATEMENT_EXECUTE|[46]
18:07:12.0 (29004117)|VARIABLE_ASSIGNMENT|[EXTERNAL]|this|{"agg":"0x249245df","helloWorld":"Hello World!!!","objs":"0x11ccebf2"}|0x3285d56b
18:07:12.0 (29072653)|USER_DEBUG|[46]|DEBUG|(AggregateResult:{counter=13, SLA__c=null}, AggregateResult:{counter=2, SLA__c=Gold}, AggregateResult:{counter=3, SLA__c=Silver}, AggregateResult:{counter=4, SLA__c=Platinum}, AggregateResult:{counter=2, SLA__c=Bronze})
18:07:12.0 (29106782)|VARIABLE_ASSIGNMENT|[EXTERNAL]|this|{"agg":"0x249245df","helloWorld":"Hello World!!!","objs":"0x11ccebf2"}|0x3285d56b
18:07:12.0 (29307466)|HEAP_ALLOCATE|[47]|Bytes:5
18:07:12.0 (29380633)|HEAP_ALLOCATE|[47]|Bytes:12
18:07:12.0 (29392778)|VARIABLE_SCOPE_BEGIN|[47]|forVar|AggregateResult|true|false
18:07:12.0 (29410316)|VARIABLE_ASSIGNMENT|[47]|forVar|{"counter":13}|0x45bb55d1
18:07:12.0 (29416938)|STATEMENT_EXECUTE|[47]
18:07:12.0 (29419669)|STATEMENT_EXECUTE|[48]
18:07:12.0 (29425018)|HEAP_ALLOCATE|[48]|Bytes:7
18:07:12.0 (29551686)|USER_DEBUG|[48]|DEBUG|13
18:07:12.0 (29572839)|HEAP_ALLOCATE|[47]|Bytes:5
18:07:12.0 (29586361)|HEAP_ALLOCATE|[47]|Bytes:12
18:07:12.0 (29593829)|VARIABLE_SCOPE_BEGIN|[47]|forVar|AggregateResult|true|false
18:07:12.0 (29610847)|VARIABLE_ASSIGNMENT|[47]|forVar|{"counter":2,"SLA__c":"Gold"}|0x35e763ab
18:07:12.0 (29616897)|STATEMENT_EXECUTE|[47]
18:07:12.0 (29619650)|STATEMENT_EXECUTE|[48]
18:07:12.0 (29644102)|USER_DEBUG|[48]|DEBUG|2
18:07:12.0 (29655505)|HEAP_ALLOCATE|[47]|Bytes:5
18:07:12.0 (29664132)|HEAP_ALLOCATE|[47]|Bytes:12
18:07:12.0 (29668849)|VARIABLE_SCOPE_BEGIN|[47]|forVar|AggregateResult|true|false
18:07:12.0 (29680206)|VARIABLE_ASSIGNMENT|[47]|forVar|{"counter":3,"SLA__c":"Silver"}|0x3674009a
18:07:12.0 (29685604)|STATEMENT_EXECUTE|[47]
18:07:12.0 (29687727)|STATEMENT_EXECUTE|[48]
18:07:12.0 (29705924)|USER_DEBUG|[48]|DEBUG|3
18:07:12.0 (29716576)|HEAP_ALLOCATE|[47]|Bytes:5
18:07:12.0 (29724585)|HEAP_ALLOCATE|[47]|Bytes:12
18:07:12.0 (29729038)|VARIABLE_SCOPE_BEGIN|[47]|forVar|AggregateResult|true|false
18:07:12.0 (29739445)|VARIABLE_ASSIGNMENT|[47]|forVar|{"counter":4,"SLA__c":"Platinum"}|0x7a835724
18:07:12.0 (29744188)|STATEMENT_EXECUTE|[47]
18:07:12.0 (29746287)|STATEMENT_EXECUTE|[48]
18:07:12.0 (29763536)|USER_DEBUG|[48]|DEBUG|4
18:07:12.0 (29773728)|HEAP_ALLOCATE|[47]|Bytes:5
18:07:12.0 (29781560)|HEAP_ALLOCATE|[47]|Bytes:12
18:07:12.0 (29785940)|VARIABLE_SCOPE_BEGIN|[47]|forVar|AggregateResult|true|false
18:07:12.0 (29795995)|VARIABLE_ASSIGNMENT|[47]|forVar|{"counter":2,"SLA__c":"Bronze"}|0x65899078
18:07:12.0 (29800902)|STATEMENT_EXECUTE|[47]
18:07:12.0 (29802969)|STATEMENT_EXECUTE|[48]
18:07:12.0 (29819943)|USER_DEBUG|[48]|DEBUG|2
18:07:12.0 (29830012)|HEAP_ALLOCATE|[47]|Bytes:5
18:07:12.0 (29839816)|VARIABLE_ASSIGNMENT|[47]|forVar|null|
18:07:12.0 (30264642)|VF_APEX_CALL_END|c_Objeto1Viewer <init>|c_Objeto1Viewer
18:07:12.0 (31000231)|VF_APEX_CALL_START|[EXTERNAL]|01p1n00000PWhHV|c_Objeto1Viewer get(objs)|c_Objeto1Viewer
18:07:12.0 (31017208)|SYSTEM_MODE_ENTER|true
18:07:12.0 (31029912)|VF_APEX_CALL_START|[EXTERNAL]|01p1n00000PWhHV|objs|c_Objeto1Viewer
18:07:12.0 (31044809)|VF_APEX_CALL_END|objs|c_Objeto1Viewer
18:07:12.0 (31059629)|VF_APEX_CALL_END|c_Objeto1Viewer get(objs)|c_Objeto1Viewer
18:07:12.0 (49497512)|VF_APEX_CALL_START|[EXTERNAL]|01p1n00000PWhHV|c_Objeto1Viewer get(helloWorld)|c_Objeto1Viewer
18:07:12.0 (49522685)|SYSTEM_MODE_ENTER|true
18:07:12.0 (49535841)|VF_APEX_CALL_START|[EXTERNAL]|01p1n00000PWhHV|helloWorld|c_Objeto1Viewer
18:07:12.0 (49581255)|VF_APEX_CALL_END|helloWorld|c_Objeto1Viewer
18:07:12.0 (49606783)|VF_APEX_CALL_END|c_Objeto1Viewer get(helloWorld)|c_Objeto1Viewer
18:07:12.0 (56142365)|VF_SERIALIZE_VIEWSTATE_BEGIN|0661n000006Ebsm
18:07:12.0 (91122386)|VF_SERIALIZE_VIEWSTATE_END
18:07:12.225 (225139937)|CUMULATIVE_LIMIT_USAGE
18:07:12.225 (225139937)|LIMIT_USAGE_FOR_NS|(default)|
  Number of SOQL queries: 2 out of 100
  Number of query rows: 29 out of 50000
  Number of SOSL queries: 0 out of 20
  Number of DML statements: 0 out of 150
  Number of DML rows: 0 out of 10000
  Maximum CPU time: 0 out of 10000
  Maximum heap size: 0 out of 6000000
  Number of callouts: 0 out of 100
  Number of Email Invocations: 0 out of 10
  Number of future calls: 0 out of 50
  Number of queueable jobs added to the queue: 0 out of 50
  Number of Mobile Apex push calls: 0 out of 10

18:07:12.225 (225139937)|CUMULATIVE_LIMIT_USAGE_END

18:07:12.0 (225206399)|CODE_UNIT_FINISHED|VF: /apex/p_Objeto1Viewer
18:07:12.0 (226009805)|EXECUTION_FINISHED
