45.0 APEX_CODE,FINEST;APEX_PROFILING,INFO;CALLOUT,INFO;DB,INFO;NBA,INFO;SYSTEM,DEBUG;VALIDATION,INFO;VISUALFORCE,FINER;WAVE,INFO;WORKFLOW,INFO
18:11:31.1 (1938185)|USER_INFO|[EXTERNAL]|0050Y000000tMcw|mg@stepahead.pt|(GMT+00:00) Irish Summer Time (Europe/Dublin)|GMTZ
18:11:31.1 (1976615)|EXECUTION_STARTED
18:11:31.1 (1981815)|CODE_UNIT_STARTED|[EXTERNAL]|0661n000006Ebsm|VF: /apex/p_Objeto1Viewer
18:11:31.1 (2996655)|VF_APEX_CALL_START|[EXTERNAL]|01p1n00000PWhHV|c_Objeto1Viewer <init>|c_Objeto1Viewer
18:11:31.1 (3059651)|SYSTEM_MODE_ENTER|true
18:11:31.1 (3648815)|HEAP_ALLOCATE|[72]|Bytes:3
18:11:31.1 (3718571)|HEAP_ALLOCATE|[77]|Bytes:152
18:11:31.1 (3734464)|HEAP_ALLOCATE|[342]|Bytes:408
18:11:31.1 (3746544)|HEAP_ALLOCATE|[355]|Bytes:408
18:11:31.1 (3758452)|HEAP_ALLOCATE|[467]|Bytes:48
18:11:31.1 (3783061)|HEAP_ALLOCATE|[139]|Bytes:6
18:11:31.1 (3809131)|HEAP_ALLOCATE|[EXTERNAL]|Bytes:6
18:11:31.1 (3829652)|HEAP_ALLOCATE|[EXTERNAL]|Bytes:132
18:11:31.1 (3834740)|HEAP_ALLOCATE|[EXTERNAL]|Bytes:13
18:11:31.1 (3841774)|HEAP_ALLOCATE|[EXTERNAL]|Bytes:11
18:11:31.1 (3876979)|METHOD_ENTRY|[4]|01p1n00000PWhHV|c_Objeto1Viewer.c_Objeto1Viewer()
18:11:31.1 (3888081)|STATEMENT_EXECUTE|[4]
18:11:31.1 (3895102)|STATEMENT_EXECUTE|[4]
18:11:31.1 (3897409)|STATEMENT_EXECUTE|[78]
18:11:31.1 (3913110)|METHOD_EXIT|[4]|c_Objeto1Viewer
18:11:31.1 (3989443)|HEAP_ALLOCATE|[EXTERNAL]|Bytes:20
18:11:31.1 (4003177)|VARIABLE_SCOPE_BEGIN|[9]|this|c_Objeto1Viewer|true|false
18:11:31.1 (4111041)|VARIABLE_ASSIGNMENT|[9]|this|{}|0x5b040206
18:11:31.1 (4121284)|STATEMENT_EXECUTE|[4]
18:11:31.1 (4124279)|STATEMENT_EXECUTE|[5]
18:11:31.1 (4126871)|STATEMENT_EXECUTE|[6]
18:11:31.1 (4129040)|STATEMENT_EXECUTE|[7]
18:11:31.1 (4130964)|STATEMENT_EXECUTE|[8]
18:11:31.1 (4140670)|HEAP_ALLOCATE|[11]|Bytes:6
18:11:31.1 (4207453)|STATEMENT_EXECUTE|[9]
18:11:31.1 (4209828)|STATEMENT_EXECUTE|[11]
18:11:31.1 (4213230)|HEAP_ALLOCATE|[11]|Bytes:14
18:11:31.1 (4263965)|VARIABLE_ASSIGNMENT|[EXTERNAL]|this|{}|0x5b040206
18:11:31.1 (4279241)|VARIABLE_ASSIGNMENT|[EXTERNAL]|value|"Hello World!!!"
18:11:31.1 (4317287)|VARIABLE_ASSIGNMENT|[5]|this.helloWorld|"Hello World!!!"|0x5b040206
18:11:31.1 (4327856)|STATEMENT_EXECUTE|[16]
18:11:31.1 (4344386)|HEAP_ALLOCATE|[16]|Bytes:4
18:11:31.1 (4381310)|VARIABLE_SCOPE_BEGIN|[16]|myInts|List<Integer>|true|false
18:11:31.1 (4408547)|HEAP_ALLOCATE|[EXTERNAL]|Bytes:4
18:11:31.1 (4421532)|VARIABLE_ASSIGNMENT|[16]|myInts|[]|0x107c4132
18:11:31.1 (4427082)|STATEMENT_EXECUTE|[17]
18:11:31.1 (4429426)|STATEMENT_EXECUTE|[18]
18:11:31.1 (4432276)|STATEMENT_EXECUTE|[26]
18:11:31.1 (4464537)|HEAP_ALLOCATE|[26]|Bytes:4
18:11:31.1 (4470705)|HEAP_ALLOCATE|[EXTERNAL]|Bytes:4
18:11:31.1 (4478591)|STATEMENT_EXECUTE|[28]
18:11:31.1 (4509689)|HEAP_ALLOCATE|[28]|Bytes:4
18:11:31.1 (4578888)|VARIABLE_SCOPE_BEGIN|[28]|acc2|Account|true|false
18:11:31.1 (4597195)|VARIABLE_ASSIGNMENT|[28]|acc2|{}|0x6b137509
18:11:31.1 (4602448)|STATEMENT_EXECUTE|[29]
18:11:31.1 (4618483)|HEAP_ALLOCATE|[50]|Bytes:5
18:11:31.1 (4634897)|HEAP_ALLOCATE|[56]|Bytes:5
18:11:31.1 (4642382)|HEAP_ALLOCATE|[64]|Bytes:7
18:11:31.1 (4714706)|VARIABLE_ASSIGNMENT|[29]|this.Match_Billing_Address__c|false|0x6b137509
18:11:31.1 (4720508)|STATEMENT_EXECUTE|[31]
18:11:31.1 (4742045)|HEAP_ALLOCATE|[31]|Bytes:4
18:11:31.1 (4784354)|VARIABLE_SCOPE_BEGIN|[31]|cont|Contact|true|false
18:11:31.1 (4805527)|VARIABLE_ASSIGNMENT|[31]|cont|{}|0x4cf5f183
18:11:31.1 (4810533)|STATEMENT_EXECUTE|[33]
18:11:31.1 (4837999)|HEAP_ALLOCATE|[33]|Bytes:4
18:11:31.1 (4842741)|HEAP_ALLOCATE|[EXTERNAL]|Bytes:4
18:11:31.1 (4850327)|STATEMENT_EXECUTE|[36]
18:11:31.1 (4854383)|HEAP_ALLOCATE|[36]|Bytes:66
18:11:31.1 (4870369)|HEAP_ALLOCATE|[36]|Bytes:4
18:11:31.1 (5198911)|SOQL_EXECUTE_BEGIN|[36]|Aggregations:0|SELECT AccountNumber, Name FROM Account WHERE createdDate <= today
18:11:31.1 (10688629)|SOQL_EXECUTE_END|[36]|Rows:24
18:11:31.1 (10723148)|HEAP_ALLOCATE|[36]|Bytes:100
18:11:31.1 (10769957)|HEAP_ALLOCATE|[36]|Bytes:1561
18:11:31.1 (10807211)|HEAP_ALLOCATE|[36]|Bytes:100
18:11:31.1 (10877329)|VARIABLE_ASSIGNMENT|[EXTERNAL]|this|{"helloWorld":"Hello World!!!"}|0x5b040206
18:11:31.1 (10905918)|VARIABLE_ASSIGNMENT|[EXTERNAL]|value|"List of size 24 too large to display"|0x6da34bde
18:11:31.1 (10921268)|VARIABLE_ASSIGNMENT|[6]|this.objs|"List of size 24 too large to display"|0x5b040206
18:11:31.1 (10931811)|STATEMENT_EXECUTE|[37]
18:11:31.1 (10947426)|HEAP_ALLOCATE|[37]|Bytes:4
18:11:31.1 (10960007)|HEAP_ALLOCATE|[37]|Bytes:5
18:11:31.1 (10990202)|VARIABLE_ASSIGNMENT|[37]|this.AccountNumber|"téste"|0x671b6ec5
18:11:31.1 (11018324)|VARIABLE_SCOPE_BEGIN|[37]|acc|Account|true|false
18:11:31.1 (11034262)|VARIABLE_ASSIGNMENT|[37]|acc|{"AccountNumber":"téste"}|0x671b6ec5
18:11:31.1 (11039812)|STATEMENT_EXECUTE|[38]
18:11:31.1 (11227039)|HEAP_ALLOCATE|[38]|Bytes:12
18:11:31.1 (11251482)|CONSTRUCTOR_ENTRY|[38]|01p1n00000PWhHV|<init>()|c_Objeto1Viewer.teste1
18:11:31.1 (11278730)|VARIABLE_SCOPE_BEGIN|[78]|this|c_Objeto1Viewer.teste1|true|false
18:11:31.1 (11319259)|VARIABLE_ASSIGNMENT|[78]|this|{}|0x58c4c4af
18:11:31.1 (11339799)|STATEMENT_EXECUTE|[78]
18:11:31.1 (11342079)|STATEMENT_EXECUTE|[79]
18:11:31.1 (11344110)|STATEMENT_EXECUTE|[80]
18:11:31.1 (11347819)|CONSTRUCTOR_EXIT|[38]|01p1n00000PWhHV|<init>()|c_Objeto1Viewer.teste1
18:11:31.1 (11354503)|VARIABLE_SCOPE_BEGIN|[38]|myVAr|c_Objeto1Viewer.teste1|true|false
18:11:31.1 (11366685)|VARIABLE_ASSIGNMENT|[38]|myVAr|{}|0x58c4c4af
18:11:31.1 (11371663)|STATEMENT_EXECUTE|[39]
18:11:31.1 (11475683)|USER_DEBUG|[39]|DEBUG|(1, 2)
18:11:31.1 (11523175)|VARIABLE_ASSIGNMENT|[EXTERNAL]|this|{"helloWorld":"Hello World!!!","objs":"0x6da34bde"}|0x5b040206
18:11:31.1 (11567357)|STATEMENT_EXECUTE|[40]
18:11:31.1 (11569919)|STATEMENT_EXECUTE|[45]
18:11:31.1 (11575534)|HEAP_ALLOCATE|[45]|Bytes:61
18:11:31.1 (11591351)|HEAP_ALLOCATE|[45]|Bytes:4
18:11:31.1 (11813880)|SOQL_EXECUTE_BEGIN|[45]|Aggregations:0|SELECT COUNT(Id) counter, Sla__c FROM account GROUP BY Sla__c
18:11:31.1 (25228750)|SOQL_EXECUTE_END|[45]|Rows:5
18:11:31.1 (25267237)|HEAP_ALLOCATE|[45]|Bytes:24
18:11:31.1 (25292101)|HEAP_ALLOCATE|[45]|Bytes:174
18:11:31.1 (25329831)|HEAP_ALLOCATE|[45]|Bytes:24
18:11:31.1 (25412718)|VARIABLE_ASSIGNMENT|[EXTERNAL]|this|{"helloWorld":"Hello World!!!","objs":"0x6da34bde"}|0x5b040206
18:11:31.1 (25447493)|VARIABLE_ASSIGNMENT|[EXTERNAL]|value|[{"counter":13},{"counter":2,"SLA__c":"Gold"},{"counter":3,"SLA__c":"Silver"},{"counter":4,"SLA__c":"Platinum"},{"counter":2,"SLA__c":"Bronze"}]|0x6ecaa03b
18:11:31.1 (25469982)|VARIABLE_ASSIGNMENT|[7]|this.agg|[{"counter":13},{"counter":2,"SLA__c":"Gold"},{"counter":3,"SLA__c":"Silver"},{"counter":4,"SLA__c":"Platinum"},{"counter":2,"SLA__c":"Bronze"}]|0x5b040206
18:11:31.1 (25482411)|STATEMENT_EXECUTE|[46]
18:11:31.1 (25526504)|VARIABLE_ASSIGNMENT|[EXTERNAL]|this|{"agg":"0x6ecaa03b","helloWorld":"Hello World!!!","objs":"0x6da34bde"}|0x5b040206
18:11:31.1 (25565664)|USER_DEBUG|[46]|DEBUG|(AggregateResult:{counter=13, SLA__c=null}, AggregateResult:{counter=2, SLA__c=Gold}, AggregateResult:{counter=3, SLA__c=Silver}, AggregateResult:{counter=4, SLA__c=Platinum}, AggregateResult:{counter=2, SLA__c=Bronze})
18:11:31.1 (25596258)|VARIABLE_ASSIGNMENT|[EXTERNAL]|this|{"agg":"0x6ecaa03b","helloWorld":"Hello World!!!","objs":"0x6da34bde"}|0x5b040206
18:11:31.1 (25784411)|HEAP_ALLOCATE|[47]|Bytes:5
18:11:31.1 (25847058)|HEAP_ALLOCATE|[47]|Bytes:12
18:11:31.1 (25857496)|VARIABLE_SCOPE_BEGIN|[47]|forVar|AggregateResult|true|false
18:11:31.1 (25875182)|VARIABLE_ASSIGNMENT|[47]|forVar|{"counter":13}|0x74c1382a
18:11:31.1 (25881690)|STATEMENT_EXECUTE|[47]
18:11:31.1 (25884291)|STATEMENT_EXECUTE|[48]
18:11:31.1 (25888487)|HEAP_ALLOCATE|[48]|Bytes:7
18:11:31.1 (25974619)|USER_DEBUG|[48]|DEBUG|13
18:11:31.1 (25990136)|HEAP_ALLOCATE|[47]|Bytes:5
18:11:31.1 (26000546)|HEAP_ALLOCATE|[47]|Bytes:12
18:11:31.1 (26006879)|VARIABLE_SCOPE_BEGIN|[47]|forVar|AggregateResult|true|false
18:11:31.1 (26019999)|VARIABLE_ASSIGNMENT|[47]|forVar|{"counter":2,"SLA__c":"Gold"}|0x5ed5c7ec
18:11:31.1 (26025541)|STATEMENT_EXECUTE|[47]
18:11:31.1 (26027727)|STATEMENT_EXECUTE|[48]
18:11:31.1 (26049099)|USER_DEBUG|[48]|DEBUG|2
18:11:31.1 (26060416)|HEAP_ALLOCATE|[47]|Bytes:5
18:11:31.1 (26069237)|HEAP_ALLOCATE|[47]|Bytes:12
18:11:31.1 (26073985)|VARIABLE_SCOPE_BEGIN|[47]|forVar|AggregateResult|true|false
18:11:31.1 (26084974)|VARIABLE_ASSIGNMENT|[47]|forVar|{"counter":3,"SLA__c":"Silver"}|0x76356730
18:11:31.1 (26089742)|STATEMENT_EXECUTE|[47]
18:11:31.1 (26091824)|STATEMENT_EXECUTE|[48]
18:11:31.1 (26109649)|USER_DEBUG|[48]|DEBUG|3
18:11:31.1 (26119868)|HEAP_ALLOCATE|[47]|Bytes:5
18:11:31.1 (26127619)|HEAP_ALLOCATE|[47]|Bytes:12
18:11:31.1 (26132268)|VARIABLE_SCOPE_BEGIN|[47]|forVar|AggregateResult|true|false
18:11:31.1 (26142116)|VARIABLE_ASSIGNMENT|[47]|forVar|{"counter":4,"SLA__c":"Platinum"}|0x7a44b623
18:11:31.1 (26146702)|STATEMENT_EXECUTE|[47]
18:11:31.1 (26148742)|STATEMENT_EXECUTE|[48]
18:11:31.1 (26166221)|USER_DEBUG|[48]|DEBUG|4
18:11:31.1 (26175991)|HEAP_ALLOCATE|[47]|Bytes:5
18:11:31.1 (26183738)|HEAP_ALLOCATE|[47]|Bytes:12
18:11:31.1 (26188275)|VARIABLE_SCOPE_BEGIN|[47]|forVar|AggregateResult|true|false
18:11:31.1 (26198081)|VARIABLE_ASSIGNMENT|[47]|forVar|{"counter":2,"SLA__c":"Bronze"}|0x7b9c129
18:11:31.1 (26202901)|STATEMENT_EXECUTE|[47]
18:11:31.1 (26204953)|STATEMENT_EXECUTE|[48]
18:11:31.1 (26221968)|USER_DEBUG|[48]|DEBUG|2
18:11:31.1 (26231916)|HEAP_ALLOCATE|[47]|Bytes:5
18:11:31.1 (26241304)|VARIABLE_ASSIGNMENT|[47]|forVar|null|
18:11:31.1 (26648887)|VF_APEX_CALL_END|c_Objeto1Viewer <init>|c_Objeto1Viewer
18:11:31.1 (27376458)|VF_APEX_CALL_START|[EXTERNAL]|01p1n00000PWhHV|c_Objeto1Viewer get(objs)|c_Objeto1Viewer
18:11:31.1 (27393975)|SYSTEM_MODE_ENTER|true
18:11:31.1 (27407296)|VF_APEX_CALL_START|[EXTERNAL]|01p1n00000PWhHV|objs|c_Objeto1Viewer
18:11:31.1 (27421470)|VF_APEX_CALL_END|objs|c_Objeto1Viewer
18:11:31.1 (27435738)|VF_APEX_CALL_END|c_Objeto1Viewer get(objs)|c_Objeto1Viewer
18:11:31.1 (88377779)|VF_APEX_CALL_START|[EXTERNAL]|01p1n00000PWhHV|c_Objeto1Viewer get(helloWorld)|c_Objeto1Viewer
18:11:31.1 (88402429)|SYSTEM_MODE_ENTER|true
18:11:31.1 (88416002)|VF_APEX_CALL_START|[EXTERNAL]|01p1n00000PWhHV|helloWorld|c_Objeto1Viewer
18:11:31.1 (88434988)|VF_APEX_CALL_END|helloWorld|c_Objeto1Viewer
18:11:31.1 (88455564)|VF_APEX_CALL_END|c_Objeto1Viewer get(helloWorld)|c_Objeto1Viewer
18:11:31.1 (94895573)|VF_SERIALIZE_VIEWSTATE_BEGIN|0661n000006Ebsm
18:11:31.1 (102292749)|VF_SERIALIZE_VIEWSTATE_END
18:11:31.136 (136794622)|CUMULATIVE_LIMIT_USAGE
18:11:31.136 (136794622)|LIMIT_USAGE_FOR_NS|(default)|
  Number of SOQL queries: 2 out of 100
  Number of query rows: 29 out of 50000
  Number of SOSL queries: 0 out of 20
  Number of DML statements: 0 out of 150
  Number of DML rows: 0 out of 10000
  Maximum CPU time: 0 out of 10000
  Maximum heap size: 0 out of 6000000
  Number of callouts: 0 out of 100
  Number of Email Invocations: 0 out of 10
  Number of future calls: 0 out of 50
  Number of queueable jobs added to the queue: 0 out of 50
  Number of Mobile Apex push calls: 0 out of 10

18:11:31.136 (136794622)|CUMULATIVE_LIMIT_USAGE_END

18:11:31.1 (136865428)|CODE_UNIT_FINISHED|VF: /apex/p_Objeto1Viewer
18:11:31.1 (137650232)|EXECUTION_FINISHED
